This file contains any messages produced by compilers while
running configure, to aid debugging if configure makes a mistake.

It was created by libgpg-error configure 1.33, which was
generated by GNU Autoconf 2.69.  Invocation command line was

  $ ./configure 

## --------- ##
## Platform. ##
## --------- ##

hostname = leemoon-W65KJ1-KK1
uname -m = x86_64
uname -r = 4.15.0-135-generic
uname -s = Linux
uname -v = #139-Ubuntu SMP Mon Jan 18 17:38:24 UTC 2021

/usr/bin/uname -p = unknown
/bin/uname -X     = unknown

/bin/arch              = unknown
/usr/bin/arch -k       = unknown
/usr/convex/getsysinfo = unknown
/usr/bin/hostinfo      = unknown
/bin/machine           = unknown
/usr/bin/oslevel       = unknown
/bin/universe          = unknown

PATH: /home/leemoon/.local/bin
PATH: /usr/local/sbin
PATH: /usr/local/bin
PATH: /usr/sbin
PATH: /usr/bin
PATH: /sbin
PATH: /bin
PATH: /usr/games
PATH: /usr/local/games
PATH: /snap/bin
PATH: /usr/local/bin/valgrind


## ----------- ##
## Core tests. ##
## ----------- ##

configure:2659: checking for a BSD-compatible install
configure:2727: result: /usr/bin/install -c
configure:2738: checking whether build environment is sane
configure:2793: result: yes
configure:2944: checking for a thread-safe mkdir -p
configure:2983: result: /bin/mkdir -p
configure:2990: checking for gawk
configure:3020: result: no
configure:2990: checking for mawk
configure:3006: found /usr/bin/mawk
configure:3017: result: mawk
configure:3028: checking whether make sets $(MAKE)
configure:3050: result: yes
configure:3079: checking whether make supports nested variables
configure:3096: result: yes
configure:3223: checking whether to enable maintainer-specific portions of Makefiles
configure:3232: result: no
configure:3260: checking whether make supports nested variables
configure:3277: result: yes
configure:3295: checking build system type
configure:3309: result: x86_64-pc-linux-gnu
configure:3329: checking host system type
configure:3342: result: x86_64-pc-linux-gnu
configure:3366: autobuild project... libgpg-error
configure:3368: autobuild revision... 1.33
configure:3372: autobuild hostname... leemoon-W65KJ1-KK1
configure:3381: autobuild timestamp... 20210322-232444
configure:3435: checking for gcc
configure:3451: found /usr/bin/gcc
configure:3462: result: gcc
configure:3691: checking for C compiler version
configure:3700: gcc --version >&5
gcc (Ubuntu 7.5.0-3ubuntu1~18.04) 7.5.0
Copyright (C) 2017 Free Software Foundation, Inc.
This is free software; see the source for copying conditions.  There is NO
warranty; not even for MERCHANTABILITY or FITNESS FOR A PARTICULAR PURPOSE.

configure:3711: $? = 0
configure:3700: gcc -v >&5
Using built-in specs.
COLLECT_GCC=gcc
COLLECT_LTO_WRAPPER=/usr/lib/gcc/x86_64-linux-gnu/7/lto-wrapper
OFFLOAD_TARGET_NAMES=nvptx-none
OFFLOAD_TARGET_DEFAULT=1
Target: x86_64-linux-gnu
Configured with: ../src/configure -v --with-pkgversion='Ubuntu 7.5.0-3ubuntu1~18.04' --with-bugurl=file:///usr/share/doc/gcc-7/README.Bugs --enable-languages=c,ada,c++,go,brig,d,fortran,objc,obj-c++ --prefix=/usr --with-gcc-major-version-only --program-suffix=-7 --program-prefix=x86_64-linux-gnu- --enable-shared --enable-linker-build-id --libexecdir=/usr/lib --without-included-gettext --enable-threads=posix --libdir=/usr/lib --enable-nls --enable-bootstrap --enable-clocale=gnu --enable-libstdcxx-debug --enable-libstdcxx-time=yes --with-default-libstdcxx-abi=new --enable-gnu-unique-object --disable-vtable-verify --enable-libmpx --enable-plugin --enable-default-pie --with-system-zlib --with-target-system-zlib --enable-objc-gc=auto --enable-multiarch --disable-werror --with-arch-32=i686 --with-abi=m64 --with-multilib-list=m32,m64,mx32 --enable-multilib --with-tune=generic --enable-offload-targets=nvptx-none --without-cuda-driver --enable-checking=release --build=x86_64-linux-gnu --host=x86_64-linux-gnu --target=x86_64-linux-gnu
Thread model: posix
gcc version 7.5.0 (Ubuntu 7.5.0-3ubuntu1~18.04) 
configure:3711: $? = 0
configure:3700: gcc -V >&5
gcc: error: unrecognized command line option '-V'
gcc: fatal error: no input files
compilation terminated.
configure:3711: $? = 1
configure:3700: gcc -qversion >&5
gcc: error: unrecognized command line option '-qversion'; did you mean '--version'?
gcc: fatal error: no input files
compilation terminated.
configure:3711: $? = 1
configure:3731: checking whether the C compiler works
configure:3753: gcc    conftest.c  >&5
configure:3757: $? = 0
configure:3805: result: yes
configure:3808: checking for C compiler default output file name
configure:3810: result: a.out
configure:3816: checking for suffix of executables
configure:3823: gcc -o conftest    conftest.c  >&5
configure:3827: $? = 0
configure:3849: result: 
configure:3871: checking whether we are cross compiling
configure:3879: gcc -o conftest    conftest.c  >&5
configure:3883: $? = 0
configure:3890: ./conftest
configure:3894: $? = 0
configure:3909: result: no
configure:3914: checking for suffix of object files
configure:3936: gcc -c   conftest.c >&5
configure:3940: $? = 0
configure:3961: result: o
configure:3965: checking whether we are using the GNU C compiler
configure:3984: gcc -c   conftest.c >&5
configure:3984: $? = 0
configure:3993: result: yes
configure:4002: checking whether gcc accepts -g
configure:4022: gcc -c -g  conftest.c >&5
configure:4022: $? = 0
configure:4063: result: yes
configure:4080: checking for gcc option to accept ISO C89
configure:4143: gcc  -c -g -O2  conftest.c >&5
configure:4143: $? = 0
configure:4156: result: none needed
configure:4181: checking whether gcc understands -c and -o together
configure:4203: gcc -c conftest.c -o conftest2.o
configure:4206: $? = 0
configure:4203: gcc -c conftest.c -o conftest2.o
configure:4206: $? = 0
configure:4218: result: yes
configure:4246: checking for style of include used by make
configure:4274: result: GNU
configure:4300: checking dependency style of gcc
configure:4411: result: gcc3
configure:4432: checking how to run the C preprocessor
configure:4463: gcc -E  conftest.c
configure:4463: $? = 0
configure:4477: gcc -E  conftest.c
conftest.c:11:10: fatal error: ac_nonexistent.h: No such file or directory
 #include <ac_nonexistent.h>
          ^~~~~~~~~~~~~~~~~~
compilation terminated.
configure:4477: $? = 1
configure: failed program was:
| /* confdefs.h */
| #define PACKAGE_NAME "libgpg-error"
| #define PACKAGE_TARNAME "libgpg-error"
| #define PACKAGE_VERSION "1.33"
| #define PACKAGE_STRING "libgpg-error 1.33"
| #define PACKAGE_BUGREPORT "https://bugs.gnupg.org"
| #define PACKAGE_URL ""
| #define PACKAGE "libgpg-error"
| #define VERSION "1.33"
| /* end confdefs.h.  */
| #include <ac_nonexistent.h>
configure:4502: result: gcc -E
configure:4522: gcc -E  conftest.c
configure:4522: $? = 0
configure:4536: gcc -E  conftest.c
conftest.c:11:10: fatal error: ac_nonexistent.h: No such file or directory
 #include <ac_nonexistent.h>
          ^~~~~~~~~~~~~~~~~~
compilation terminated.
configure:4536: $? = 1
configure: failed program was:
| /* confdefs.h */
| #define PACKAGE_NAME "libgpg-error"
| #define PACKAGE_TARNAME "libgpg-error"
| #define PACKAGE_VERSION "1.33"
| #define PACKAGE_STRING "libgpg-error 1.33"
| #define PACKAGE_BUGREPORT "https://bugs.gnupg.org"
| #define PACKAGE_URL ""
| #define PACKAGE "libgpg-error"
| #define VERSION "1.33"
| /* end confdefs.h.  */
| #include <ac_nonexistent.h>
configure:4568: checking for gawk
configure:4595: result: mawk
configure:4649: checking for ar
configure:4665: found /usr/bin/ar
configure:4676: result: ar
configure:4700: checking for grep that handles long lines and -e
configure:4758: result: /bin/grep
configure:4763: checking for egrep
configure:4825: result: /bin/grep -E
configure:4830: checking for ANSI C header files
configure:4850: gcc -c -g -O2  conftest.c >&5
configure:4850: $? = 0
configure:4923: gcc -o conftest -g -O2   conftest.c  >&5
configure:4923: $? = 0
configure:4923: ./conftest
configure:4923: $? = 0
configure:4934: result: yes
configure:4947: checking for sys/types.h
configure:4947: gcc -c -g -O2  conftest.c >&5
configure:4947: $? = 0
configure:4947: result: yes
configure:4947: checking for sys/stat.h
configure:4947: gcc -c -g -O2  conftest.c >&5
configure:4947: $? = 0
configure:4947: result: yes
configure:4947: checking for stdlib.h
configure:4947: gcc -c -g -O2  conftest.c >&5
configure:4947: $? = 0
configure:4947: result: yes
configure:4947: checking for string.h
configure:4947: gcc -c -g -O2  conftest.c >&5
configure:4947: $? = 0
configure:4947: result: yes
configure:4947: checking for memory.h
configure:4947: gcc -c -g -O2  conftest.c >&5
configure:4947: $? = 0
configure:4947: result: yes
configure:4947: checking for strings.h
configure:4947: gcc -c -g -O2  conftest.c >&5
configure:4947: $? = 0
configure:4947: result: yes
configure:4947: checking for inttypes.h
configure:4947: gcc -c -g -O2  conftest.c >&5
configure:4947: $? = 0
configure:4947: result: yes
configure:4947: checking for stdint.h
configure:4947: gcc -c -g -O2  conftest.c >&5
configure:4947: $? = 0
configure:4947: result: yes
configure:4947: checking for unistd.h
configure:4947: gcc -c -g -O2  conftest.c >&5
configure:4947: $? = 0
configure:4947: result: yes
configure:4960: checking minix/config.h usability
configure:4960: gcc -c -g -O2  conftest.c >&5
conftest.c:54:10: fatal error: minix/config.h: No such file or directory
 #include <minix/config.h>
          ^~~~~~~~~~~~~~~~
compilation terminated.
configure:4960: $? = 1
configure: failed program was:
| /* confdefs.h */
| #define PACKAGE_NAME "libgpg-error"
| #define PACKAGE_TARNAME "libgpg-error"
| #define PACKAGE_VERSION "1.33"
| #define PACKAGE_STRING "libgpg-error 1.33"
| #define PACKAGE_BUGREPORT "https://bugs.gnupg.org"
| #define PACKAGE_URL ""
| #define PACKAGE "libgpg-error"
| #define VERSION "1.33"
| #define STDC_HEADERS 1
| #define HAVE_SYS_TYPES_H 1
| #define HAVE_SYS_STAT_H 1
| #define HAVE_STDLIB_H 1
| #define HAVE_STRING_H 1
| #define HAVE_MEMORY_H 1
| #define HAVE_STRINGS_H 1
| #define HAVE_INTTYPES_H 1
| #define HAVE_STDINT_H 1
| #define HAVE_UNISTD_H 1
| /* end confdefs.h.  */
| #include <stdio.h>
| #ifdef HAVE_SYS_TYPES_H
| # include <sys/types.h>
| #endif
| #ifdef HAVE_SYS_STAT_H
| # include <sys/stat.h>
| #endif
| #ifdef STDC_HEADERS
| # include <stdlib.h>
| # include <stddef.h>
| #else
| # ifdef HAVE_STDLIB_H
| #  include <stdlib.h>
| # endif
| #endif
| #ifdef HAVE_STRING_H
| # if !defined STDC_HEADERS && defined HAVE_MEMORY_H
| #  include <memory.h>
| # endif
| # include <string.h>
| #endif
| #ifdef HAVE_STRINGS_H
| # include <strings.h>
| #endif
| #ifdef HAVE_INTTYPES_H
| # include <inttypes.h>
| #endif
| #ifdef HAVE_STDINT_H
| # include <stdint.h>
| #endif
| #ifdef HAVE_UNISTD_H
| # include <unistd.h>
| #endif
| #include <minix/config.h>
configure:4960: result: no
configure:4960: checking minix/config.h presence
configure:4960: gcc -E  conftest.c
conftest.c:21:10: fatal error: minix/config.h: No such file or directory
 #include <minix/config.h>
          ^~~~~~~~~~~~~~~~
compilation terminated.
configure:4960: $? = 1
configure: failed program was:
| /* confdefs.h */
| #define PACKAGE_NAME "libgpg-error"
| #define PACKAGE_TARNAME "libgpg-error"
| #define PACKAGE_VERSION "1.33"
| #define PACKAGE_STRING "libgpg-error 1.33"
| #define PACKAGE_BUGREPORT "https://bugs.gnupg.org"
| #define PACKAGE_URL ""
| #define PACKAGE "libgpg-error"
| #define VERSION "1.33"
| #define STDC_HEADERS 1
| #define HAVE_SYS_TYPES_H 1
| #define HAVE_SYS_STAT_H 1
| #define HAVE_STDLIB_H 1
| #define HAVE_STRING_H 1
| #define HAVE_MEMORY_H 1
| #define HAVE_STRINGS_H 1
| #define HAVE_INTTYPES_H 1
| #define HAVE_STDINT_H 1
| #define HAVE_UNISTD_H 1
| /* end confdefs.h.  */
| #include <minix/config.h>
configure:4960: result: no
configure:4960: checking for minix/config.h
configure:4960: result: no
configure:4981: checking whether it is safe to define __EXTENSIONS__
configure:4999: gcc -c -g -O2  conftest.c >&5
configure:4999: $? = 0
configure:5006: result: yes
configure:5123: checking for special C compiler options needed for large files
configure:5168: result: no
configure:5174: checking for _FILE_OFFSET_BITS value needed for large files
configure:5199: gcc -c -g -O2  conftest.c >&5
configure:5199: $? = 0
configure:5231: result: no
configure:5365: checking how to print strings
configure:5392: result: printf
configure:5413: checking for a sed that does not truncate output
configure:5477: result: /bin/sed
configure:5495: checking for fgrep
configure:5557: result: /bin/grep -F
configure:5592: checking for ld used by gcc
configure:5659: result: /usr/bin/ld
configure:5666: checking if the linker (/usr/bin/ld) is GNU ld
configure:5681: result: yes
configure:5693: checking for BSD- or MS-compatible name lister (nm)
configure:5742: result: /usr/bin/nm -B
configure:5872: checking the name lister (/usr/bin/nm -B) interface
configure:5879: gcc -c -g -O2  conftest.c >&5
configure:5882: /usr/bin/nm -B "conftest.o"
configure:5885: output
0000000000000000 B some_variable
configure:5892: result: BSD nm
configure:5895: checking whether ln -s works
configure:5899: result: yes
configure:5907: checking the maximum length of command line arguments
configure:6037: result: 1572864
configure:6054: checking whether the shell understands some XSI constructs
configure:6064: result: yes
configure:6068: checking whether the shell understands "+="
configure:6074: result: yes
configure:6109: checking how to convert x86_64-pc-linux-gnu file names to x86_64-pc-linux-gnu format
configure:6149: result: func_convert_file_noop
configure:6156: checking how to convert x86_64-pc-linux-gnu file names to toolchain format
configure:6176: result: func_convert_file_noop
configure:6183: checking for /usr/bin/ld option to reload object files
configure:6190: result: -r
configure:6264: checking for objdump
configure:6280: found /usr/bin/objdump
configure:6291: result: objdump
configure:6320: checking how to recognize dependent libraries
configure:6522: result: pass_all
configure:6607: checking for dlltool
configure:6637: result: no
configure:6664: checking how to associate runtime and link libraries
configure:6691: result: printf %s\n
configure:6815: checking for archiver @FILE support
configure:6832: gcc -c -g -O2  conftest.c >&5
configure:6832: $? = 0
configure:6835: ar cru libconftest.a @conftest.lst >&5
ar: `u' modifier ignored since `D' is the default (see `U')
configure:6838: $? = 0
configure:6843: ar cru libconftest.a @conftest.lst >&5
ar: `u' modifier ignored since `D' is the default (see `U')
ar: conftest.o: No such file or directory
configure:6846: $? = 1
configure:6858: result: @
configure:6916: checking for strip
configure:6932: found /usr/bin/strip
configure:6943: result: strip
configure:7015: checking for ranlib
configure:7031: found /usr/bin/ranlib
configure:7042: result: ranlib
configure:7144: checking command to parse /usr/bin/nm -B output from gcc object
configure:7264: gcc -c -g -O2  conftest.c >&5
configure:7267: $? = 0
configure:7271: /usr/bin/nm -B conftest.o \| sed -n -e 's/^.*[ ]\([ABCDGIRSTW][ABCDGIRSTW]*\)[ ][ ]*\([_A-Za-z][_A-Za-z0-9]*\)$/\1 \2 \2/p' | sed '/ __gnu_lto/d' \> conftest.nm
configure:7274: $? = 0
configure:7340: gcc -o conftest -g -O2   conftest.c conftstm.o >&5
configure:7343: $? = 0
configure:7381: result: ok
configure:7418: checking for sysroot
configure:7448: result: no
configure:7525: gcc -c -g -O2  conftest.c >&5
configure:7528: $? = 0
configure:7710: checking for mt
configure:7726: found /bin/mt
configure:7737: result: mt
configure:7760: checking if mt is a manifest tool
configure:7766: mt '-?'
configure:7774: result: no
configure:8413: checking for dlfcn.h
configure:8413: gcc -c -g -O2  conftest.c >&5
configure:8413: $? = 0
configure:8413: result: yes
configure:8916: checking for objdir
configure:8931: result: .libs
configure:9202: checking if gcc supports -fno-rtti -fno-exceptions
configure:9220: gcc -c -g -O2  -fno-rtti -fno-exceptions conftest.c >&5
cc1: warning: command line option '-fno-rtti' is valid for C++/ObjC++ but not for C
configure:9224: $? = 0
configure:9237: result: no
configure:9564: checking for gcc option to produce PIC
configure:9571: result: -fPIC -DPIC
configure:9579: checking if gcc PIC flag -fPIC -DPIC works
configure:9597: gcc -c -g -O2  -fPIC -DPIC -DPIC conftest.c >&5
configure:9601: $? = 0
configure:9614: result: yes
configure:9643: checking if gcc static flag -static works
configure:9671: result: yes
configure:9686: checking if gcc supports -c -o file.o
configure:9707: gcc -c -g -O2  -o out/conftest2.o conftest.c >&5
configure:9711: $? = 0
configure:9733: result: yes
configure:9741: checking if gcc supports -c -o file.o
configure:9788: result: yes
configure:9821: checking whether the gcc linker (/usr/bin/ld -m elf_x86_64) supports shared libraries
configure:10978: result: yes
configure:11015: checking whether -lc should be explicitly linked in
configure:11023: gcc -c -g -O2  conftest.c >&5
configure:11026: $? = 0
configure:11041: gcc -shared  -fPIC -DPIC conftest.o  -v -Wl,-soname -Wl,conftest -o conftest 2\>\&1 \| /bin/grep  -lc  \>/dev/null 2\>\&1
configure:11044: $? = 0
configure:11058: result: no
configure:11218: checking dynamic linker characteristics
configure:11749: gcc -o conftest -g -O2   -Wl,-rpath -Wl,/foo conftest.c  >&5
configure:11749: $? = 0
configure:11983: result: GNU/Linux ld.so
configure:12090: checking how to hardcode library paths into programs
configure:12115: result: immediate
configure:12655: checking whether stripping libraries is possible
configure:12660: result: yes
configure:12695: checking if libtool supports shared libraries
configure:12697: result: yes
configure:12700: checking whether to build shared libraries
configure:12721: result: yes
configure:12724: checking whether to build static libraries
configure:12728: result: no
configure:12808: checking for windres
configure:12838: result: no
configure:12989: checking whether NLS is requested
configure:12998: result: yes
configure:13038: checking for msgfmt
configure: trying /usr/bin/msgfmt...
0 translated messages.
configure:13070: result: /usr/bin/msgfmt
configure:13079: checking for gmsgfmt
configure:13110: result: /usr/bin/msgfmt
configure:13160: checking for xgettext
configure: trying /usr/bin/xgettext...
/usr/bin/xgettext: warning: file '/dev/null' extension '' is unknown; will try C
configure:13192: result: /usr/bin/xgettext
configure:13237: checking for msgmerge
configure: trying /usr/bin/msgmerge...
configure:13268: result: /usr/bin/msgmerge
configure:13326: checking for ld used by gcc
configure:13393: result: /usr/bin/ld -m elf_x86_64
configure:13400: checking if the linker (/usr/bin/ld -m elf_x86_64) is GNU ld
configure:13415: result: yes
configure:13422: checking for shared library run path origin
configure:13435: result: done
configure:14007: checking for CFPreferencesCopyAppValue
configure:14025: gcc -o conftest -g -O2   conftest.c  -Wl,-framework -Wl,CoreFoundation >&5
conftest.c:28:10: fatal error: CoreFoundation/CFPreferences.h: No such file or directory
 #include <CoreFoundation/CFPreferences.h>
          ^~~~~~~~~~~~~~~~~~~~~~~~~~~~~~~~
compilation terminated.
configure:14025: $? = 1
configure: failed program was:
| /* confdefs.h */
| #define PACKAGE_NAME "libgpg-error"
| #define PACKAGE_TARNAME "libgpg-error"
| #define PACKAGE_VERSION "1.33"
| #define PACKAGE_STRING "libgpg-error 1.33"
| #define PACKAGE_BUGREPORT "https://bugs.gnupg.org"
| #define PACKAGE_URL ""
| #define PACKAGE "libgpg-error"
| #define VERSION "1.33"
| #define STDC_HEADERS 1
| #define HAVE_SYS_TYPES_H 1
| #define HAVE_SYS_STAT_H 1
| #define HAVE_STDLIB_H 1
| #define HAVE_STRING_H 1
| #define HAVE_MEMORY_H 1
| #define HAVE_STRINGS_H 1
| #define HAVE_INTTYPES_H 1
| #define HAVE_STDINT_H 1
| #define HAVE_UNISTD_H 1
| #define __EXTENSIONS__ 1
| #define _ALL_SOURCE 1
| #define _GNU_SOURCE 1
| #define _POSIX_PTHREAD_SEMANTICS 1
| #define _TANDEM_SOURCE 1
| #define HAVE_DLFCN_H 1
| #define LT_OBJDIR ".libs/"
| /* end confdefs.h.  */
| #include <CoreFoundation/CFPreferences.h>
| int
| main ()
| {
| CFPreferencesCopyAppValue(NULL, NULL)
|   ;
|   return 0;
| }
configure:14034: result: no
configure:14041: checking for CFLocaleCopyCurrent
configure:14059: gcc -o conftest -g -O2   conftest.c  -Wl,-framework -Wl,CoreFoundation >&5
conftest.c:28:10: fatal error: CoreFoundation/CFLocale.h: No such file or directory
 #include <CoreFoundation/CFLocale.h>
          ^~~~~~~~~~~~~~~~~~~~~~~~~~~
compilation terminated.
configure:14059: $? = 1
configure: failed program was:
| /* confdefs.h */
| #define PACKAGE_NAME "libgpg-error"
| #define PACKAGE_TARNAME "libgpg-error"
| #define PACKAGE_VERSION "1.33"
| #define PACKAGE_STRING "libgpg-error 1.33"
| #define PACKAGE_BUGREPORT "https://bugs.gnupg.org"
| #define PACKAGE_URL ""
| #define PACKAGE "libgpg-error"
| #define VERSION "1.33"
| #define STDC_HEADERS 1
| #define HAVE_SYS_TYPES_H 1
| #define HAVE_SYS_STAT_H 1
| #define HAVE_STDLIB_H 1
| #define HAVE_STRING_H 1
| #define HAVE_MEMORY_H 1
| #define HAVE_STRINGS_H 1
| #define HAVE_INTTYPES_H 1
| #define HAVE_STDINT_H 1
| #define HAVE_UNISTD_H 1
| #define __EXTENSIONS__ 1
| #define _ALL_SOURCE 1
| #define _GNU_SOURCE 1
| #define _POSIX_PTHREAD_SEMANTICS 1
| #define _TANDEM_SOURCE 1
| #define HAVE_DLFCN_H 1
| #define LT_OBJDIR ".libs/"
| /* end confdefs.h.  */
| #include <CoreFoundation/CFLocale.h>
| int
| main ()
| {
| CFLocaleCopyCurrent();
|   ;
|   return 0;
| }
configure:14068: result: no
configure:14117: checking for GNU gettext in libc
configure:14141: gcc -o conftest -g -O2   conftest.c  >&5
configure:14141: $? = 0
configure:14150: result: yes
configure:14978: checking whether to use NLS
configure:14980: result: yes
configure:14983: checking where the gettext function comes from
configure:14994: result: libc
configure:15053: checking for ANSI C header files
configure:15157: result: yes
configure:15169: checking for stdlib.h
configure:15169: result: yes
configure:15169: checking locale.h usability
configure:15169: gcc -c -g -O2  conftest.c >&5
configure:15169: $? = 0
configure:15169: result: yes
configure:15169: checking locale.h presence
configure:15169: gcc -E  conftest.c
configure:15169: $? = 0
configure:15169: result: yes
configure:15169: checking for locale.h
configure:15169: result: yes
configure:15169: checking for stdint.h
configure:15169: result: yes
configure:15169: checking sys/select.h usability
configure:15169: gcc -c -g -O2  conftest.c >&5
configure:15169: $? = 0
configure:15169: result: yes
configure:15169: checking sys/select.h presence
configure:15169: gcc -E  conftest.c
configure:15169: $? = 0
configure:15169: result: yes
configure:15169: checking for sys/select.h
configure:15169: result: yes
configure:15169: checking sys/time.h usability
configure:15169: gcc -c -g -O2  conftest.c >&5
configure:15169: $? = 0
configure:15169: result: yes
configure:15169: checking sys/time.h presence
configure:15169: gcc -E  conftest.c
configure:15169: $? = 0
configure:15169: result: yes
configure:15169: checking for sys/time.h
configure:15169: result: yes
configure:15169: checking signal.h usability
configure:15169: gcc -c -g -O2  conftest.c >&5
configure:15169: $? = 0
configure:15169: result: yes
configure:15169: checking signal.h presence
configure:15169: gcc -E  conftest.c
configure:15169: $? = 0
configure:15169: result: yes
configure:15169: checking for signal.h
configure:15169: result: yes
configure:15180: checking whether strerror_r is declared
configure:15180: gcc -c -g -O2  conftest.c >&5
configure:15180: $? = 0
configure:15180: result: yes
configure:15193: checking for strerror_r
configure:15193: gcc -o conftest -g -O2   conftest.c  >&5
configure:15193: $? = 0
configure:15193: result: yes
configure:15202: checking whether strerror_r returns char *
configure:15226: gcc -c -g -O2  conftest.c >&5
configure:15226: $? = 0
configure:15264: result: yes
configure:15278: checking for strerror_r
configure:15278: result: yes
configure:15289: checking for pid_t
configure:15289: gcc -c -g -O2  conftest.c >&5
configure:15289: $? = 0
configure:15289: gcc -c -g -O2  conftest.c >&5
conftest.c: In function 'main':
conftest.c:77:20: error: expected expression before ')' token
 if (sizeof ((pid_t)))
                    ^
configure:15289: $? = 1
configure: failed program was:
| /* confdefs.h */
| #define PACKAGE_NAME "libgpg-error"
| #define PACKAGE_TARNAME "libgpg-error"
| #define PACKAGE_VERSION "1.33"
| #define PACKAGE_STRING "libgpg-error 1.33"
| #define PACKAGE_BUGREPORT "https://bugs.gnupg.org"
| #define PACKAGE_URL ""
| #define PACKAGE "libgpg-error"
| #define VERSION "1.33"
| #define STDC_HEADERS 1
| #define HAVE_SYS_TYPES_H 1
| #define HAVE_SYS_STAT_H 1
| #define HAVE_STDLIB_H 1
| #define HAVE_STRING_H 1
| #define HAVE_MEMORY_H 1
| #define HAVE_STRINGS_H 1
| #define HAVE_INTTYPES_H 1
| #define HAVE_STDINT_H 1
| #define HAVE_UNISTD_H 1
| #define __EXTENSIONS__ 1
| #define _ALL_SOURCE 1
| #define _GNU_SOURCE 1
| #define _POSIX_PTHREAD_SEMANTICS 1
| #define _TANDEM_SOURCE 1
| #define HAVE_DLFCN_H 1
| #define LT_OBJDIR ".libs/"
| #define ENABLE_NLS 1
| #define HAVE_GETTEXT 1
| #define HAVE_DCGETTEXT 1
| #define STDC_HEADERS 1
| #define HAVE_STDLIB_H 1
| #define HAVE_LOCALE_H 1
| #define HAVE_STDINT_H 1
| #define HAVE_SYS_SELECT_H 1
| #define HAVE_SYS_TIME_H 1
| #define HAVE_SIGNAL_H 1
| #define HAVE_DECL_STRERROR_R 1
| #define HAVE_STRERROR_R 1
| #define STRERROR_R_CHAR_P 1
| /* end confdefs.h.  */
| #include <stdio.h>
| #ifdef HAVE_SYS_TYPES_H
| # include <sys/types.h>
| #endif
| #ifdef HAVE_SYS_STAT_H
| # include <sys/stat.h>
| #endif
| #ifdef STDC_HEADERS
| # include <stdlib.h>
| # include <stddef.h>
| #else
| # ifdef HAVE_STDLIB_H
| #  include <stdlib.h>
| # endif
| #endif
| #ifdef HAVE_STRING_H
| # if !defined STDC_HEADERS && defined HAVE_MEMORY_H
| #  include <memory.h>
| # endif
| # include <string.h>
| #endif
| #ifdef HAVE_STRINGS_H
| # include <strings.h>
| #endif
| #ifdef HAVE_INTTYPES_H
| # include <inttypes.h>
| #endif
| #ifdef HAVE_STDINT_H
| # include <stdint.h>
| #endif
| #ifdef HAVE_UNISTD_H
| # include <unistd.h>
| #endif
| int
| main ()
| {
| if (sizeof ((pid_t)))
| 	    return 0;
|   ;
|   return 0;
| }
configure:15289: result: yes
configure:15302: checking vfork.h usability
configure:15302: gcc -c -g -O2  conftest.c >&5
conftest.c:74:10: fatal error: vfork.h: No such file or directory
 #include <vfork.h>
          ^~~~~~~~~
compilation terminated.
configure:15302: $? = 1
configure: failed program was:
| /* confdefs.h */
| #define PACKAGE_NAME "libgpg-error"
| #define PACKAGE_TARNAME "libgpg-error"
| #define PACKAGE_VERSION "1.33"
| #define PACKAGE_STRING "libgpg-error 1.33"
| #define PACKAGE_BUGREPORT "https://bugs.gnupg.org"
| #define PACKAGE_URL ""
| #define PACKAGE "libgpg-error"
| #define VERSION "1.33"
| #define STDC_HEADERS 1
| #define HAVE_SYS_TYPES_H 1
| #define HAVE_SYS_STAT_H 1
| #define HAVE_STDLIB_H 1
| #define HAVE_STRING_H 1
| #define HAVE_MEMORY_H 1
| #define HAVE_STRINGS_H 1
| #define HAVE_INTTYPES_H 1
| #define HAVE_STDINT_H 1
| #define HAVE_UNISTD_H 1
| #define __EXTENSIONS__ 1
| #define _ALL_SOURCE 1
| #define _GNU_SOURCE 1
| #define _POSIX_PTHREAD_SEMANTICS 1
| #define _TANDEM_SOURCE 1
| #define HAVE_DLFCN_H 1
| #define LT_OBJDIR ".libs/"
| #define ENABLE_NLS 1
| #define HAVE_GETTEXT 1
| #define HAVE_DCGETTEXT 1
| #define STDC_HEADERS 1
| #define HAVE_STDLIB_H 1
| #define HAVE_LOCALE_H 1
| #define HAVE_STDINT_H 1
| #define HAVE_SYS_SELECT_H 1
| #define HAVE_SYS_TIME_H 1
| #define HAVE_SIGNAL_H 1
| #define HAVE_DECL_STRERROR_R 1
| #define HAVE_STRERROR_R 1
| #define STRERROR_R_CHAR_P 1
| /* end confdefs.h.  */
| #include <stdio.h>
| #ifdef HAVE_SYS_TYPES_H
| # include <sys/types.h>
| #endif
| #ifdef HAVE_SYS_STAT_H
| # include <sys/stat.h>
| #endif
| #ifdef STDC_HEADERS
| # include <stdlib.h>
| # include <stddef.h>
| #else
| # ifdef HAVE_STDLIB_H
| #  include <stdlib.h>
| # endif
| #endif
| #ifdef HAVE_STRING_H
| # if !defined STDC_HEADERS && defined HAVE_MEMORY_H
| #  include <memory.h>
| # endif
| # include <string.h>
| #endif
| #ifdef HAVE_STRINGS_H
| # include <strings.h>
| #endif
| #ifdef HAVE_INTTYPES_H
| # include <inttypes.h>
| #endif
| #ifdef HAVE_STDINT_H
| # include <stdint.h>
| #endif
| #ifdef HAVE_UNISTD_H
| # include <unistd.h>
| #endif
| #include <vfork.h>
configure:15302: result: no
configure:15302: checking vfork.h presence
configure:15302: gcc -E  conftest.c
conftest.c:41:10: fatal error: vfork.h: No such file or directory
 #include <vfork.h>
          ^~~~~~~~~
compilation terminated.
configure:15302: $? = 1
configure: failed program was:
| /* confdefs.h */
| #define PACKAGE_NAME "libgpg-error"
| #define PACKAGE_TARNAME "libgpg-error"
| #define PACKAGE_VERSION "1.33"
| #define PACKAGE_STRING "libgpg-error 1.33"
| #define PACKAGE_BUGREPORT "https://bugs.gnupg.org"
| #define PACKAGE_URL ""
| #define PACKAGE "libgpg-error"
| #define VERSION "1.33"
| #define STDC_HEADERS 1
| #define HAVE_SYS_TYPES_H 1
| #define HAVE_SYS_STAT_H 1
| #define HAVE_STDLIB_H 1
| #define HAVE_STRING_H 1
| #define HAVE_MEMORY_H 1
| #define HAVE_STRINGS_H 1
| #define HAVE_INTTYPES_H 1
| #define HAVE_STDINT_H 1
| #define HAVE_UNISTD_H 1
| #define __EXTENSIONS__ 1
| #define _ALL_SOURCE 1
| #define _GNU_SOURCE 1
| #define _POSIX_PTHREAD_SEMANTICS 1
| #define _TANDEM_SOURCE 1
| #define HAVE_DLFCN_H 1
| #define LT_OBJDIR ".libs/"
| #define ENABLE_NLS 1
| #define HAVE_GETTEXT 1
| #define HAVE_DCGETTEXT 1
| #define STDC_HEADERS 1
| #define HAVE_STDLIB_H 1
| #define HAVE_LOCALE_H 1
| #define HAVE_STDINT_H 1
| #define HAVE_SYS_SELECT_H 1
| #define HAVE_SYS_TIME_H 1
| #define HAVE_SIGNAL_H 1
| #define HAVE_DECL_STRERROR_R 1
| #define HAVE_STRERROR_R 1
| #define STRERROR_R_CHAR_P 1
| /* end confdefs.h.  */
| #include <vfork.h>
configure:15302: result: no
configure:15302: checking for vfork.h
configure:15302: result: no
configure:15315: checking for fork
configure:15315: gcc -o conftest -g -O2   conftest.c  >&5
conftest.c:64:6: warning: conflicting types for built-in function 'fork' [-Wbuiltin-declaration-mismatch]
 char fork ();
      ^~~~
configure:15315: $? = 0
configure:15315: result: yes
configure:15315: checking for vfork
configure:15315: gcc -o conftest -g -O2   conftest.c  >&5
configure:15315: $? = 0
configure:15315: result: yes
configure:15325: checking for working fork
configure:15347: gcc -o conftest -g -O2   conftest.c  >&5
configure:15347: $? = 0
configure:15347: ./conftest
configure:15347: $? = 0
configure:15357: result: yes
configure:15378: checking for working vfork
configure:15488: result: yes
configure:15517: checking for flockfile
configure:15517: gcc -o conftest -g -O2   conftest.c  >&5
configure:15517: $? = 0
configure:15517: result: yes
configure:15517: checking for vasprintf
configure:15517: gcc -o conftest -g -O2   conftest.c  >&5
configure:15517: $? = 0
configure:15517: result: yes
configure:15517: checking for mmap
configure:15517: gcc -o conftest -g -O2   conftest.c  >&5
configure:15517: $? = 0
configure:15517: result: yes
configure:15517: checking for rand
configure:15517: gcc -o conftest -g -O2   conftest.c  >&5
configure:15517: $? = 0
configure:15517: result: yes
configure:15517: checking for strlwr
configure:15517: gcc -o conftest -g -O2   conftest.c  >&5
/tmp/cc3Tk7q6.o: In function `main':
/home/leemoon/Desktop/vsCode/Final/libgcrypt-1.8.4/libgpg-error-1.33/conftest.c:83: undefined reference to `strlwr'
collect2: error: ld returned 1 exit status
configure:15517: $? = 1
configure: failed program was:
| /* confdefs.h */
| #define PACKAGE_NAME "libgpg-error"
| #define PACKAGE_TARNAME "libgpg-error"
| #define PACKAGE_VERSION "1.33"
| #define PACKAGE_STRING "libgpg-error 1.33"
| #define PACKAGE_BUGREPORT "https://bugs.gnupg.org"
| #define PACKAGE_URL ""
| #define PACKAGE "libgpg-error"
| #define VERSION "1.33"
| #define STDC_HEADERS 1
| #define HAVE_SYS_TYPES_H 1
| #define HAVE_SYS_STAT_H 1
| #define HAVE_STDLIB_H 1
| #define HAVE_STRING_H 1
| #define HAVE_MEMORY_H 1
| #define HAVE_STRINGS_H 1
| #define HAVE_INTTYPES_H 1
| #define HAVE_STDINT_H 1
| #define HAVE_UNISTD_H 1
| #define __EXTENSIONS__ 1
| #define _ALL_SOURCE 1
| #define _GNU_SOURCE 1
| #define _POSIX_PTHREAD_SEMANTICS 1
| #define _TANDEM_SOURCE 1
| #define HAVE_DLFCN_H 1
| #define LT_OBJDIR ".libs/"
| #define ENABLE_NLS 1
| #define HAVE_GETTEXT 1
| #define HAVE_DCGETTEXT 1
| #define STDC_HEADERS 1
| #define HAVE_STDLIB_H 1
| #define HAVE_LOCALE_H 1
| #define HAVE_STDINT_H 1
| #define HAVE_SYS_SELECT_H 1
| #define HAVE_SYS_TIME_H 1
| #define HAVE_SIGNAL_H 1
| #define HAVE_DECL_STRERROR_R 1
| #define HAVE_STRERROR_R 1
| #define STRERROR_R_CHAR_P 1
| #define HAVE_FORK 1
| #define HAVE_VFORK 1
| #define HAVE_WORKING_VFORK 1
| #define HAVE_WORKING_FORK 1
| #define HAVE_FLOCKFILE 1
| #define HAVE_VASPRINTF 1
| #define HAVE_MMAP 1
| #define HAVE_RAND 1
| /* end confdefs.h.  */
| /* Define strlwr to an innocuous variant, in case <limits.h> declares strlwr.
|    For example, HP-UX 11i <limits.h> declares gettimeofday.  */
| #define strlwr innocuous_strlwr
| 
| /* System header to define __stub macros and hopefully few prototypes,
|     which can conflict with char strlwr (); below.
|     Prefer <limits.h> to <assert.h> if __STDC__ is defined, since
|     <limits.h> exists even on freestanding compilers.  */
| 
| #ifdef __STDC__
| # include <limits.h>
| #else
| # include <assert.h>
| #endif
| 
| #undef strlwr
| 
| /* Override any GCC internal prototype to avoid an error.
|    Use char because int might match the return type of a GCC
|    builtin and then its argument prototype would still apply.  */
| #ifdef __cplusplus
| extern "C"
| #endif
| char strlwr ();
| /* The GNU C library defines this for functions which it implements
|     to always fail with ENOSYS.  Some functions are actually named
|     something starting with __ and the normal name is an alias.  */
| #if defined __stub_strlwr || defined __stub___strlwr
| choke me
| #endif
| 
| int
| main ()
| {
| return strlwr ();
|   ;
|   return 0;
| }
configure:15517: result: no
configure:15517: checking for stpcpy
configure:15517: gcc -o conftest -g -O2   conftest.c  >&5
conftest.c:72:6: warning: conflicting types for built-in function 'stpcpy' [-Wbuiltin-declaration-mismatch]
 char stpcpy ();
      ^~~~~~
configure:15517: $? = 0
configure:15517: result: yes
configure:15517: checking for setenv
configure:15517: gcc -o conftest -g -O2   conftest.c  >&5
configure:15517: $? = 0
configure:15517: result: yes
configure:15517: checking for stat
configure:15517: gcc -o conftest -g -O2   conftest.c  >&5
configure:15517: $? = 0
configure:15517: result: yes
configure:15517: checking for getrlimit
configure:15517: gcc -o conftest -g -O2   conftest.c  >&5
configure:15517: $? = 0
configure:15517: result: yes
configure:15531: checking for an ANSI C-conforming const
configure:15597: gcc -c -g -O2  conftest.c >&5
configure:15597: $? = 0
configure:15604: result: yes
configure:15617: checking size of int
configure:15622: gcc -o conftest -g -O2   conftest.c  >&5
configure:15622: $? = 0
configure:15622: ./conftest
configure:15622: $? = 0
configure:15636: result: 4
configure:15650: checking size of long
configure:15655: gcc -o conftest -g -O2   conftest.c  >&5
configure:15655: $? = 0
configure:15655: ./conftest
configure:15655: $? = 0
configure:15669: result: 8
configure:15683: checking size of long long
configure:15688: gcc -o conftest -g -O2   conftest.c  >&5
configure:15688: $? = 0
configure:15688: ./conftest
configure:15688: $? = 0
configure:15702: result: 8
configure:15712: checking whether time.h and sys/time.h may both be included
configure:15732: gcc -c -g -O2  conftest.c >&5
configure:15732: $? = 0
configure:15739: result: yes
configure:15751: checking size of time_t
configure:15756: gcc -o conftest -g -O2   conftest.c  >&5
configure:15756: $? = 0
configure:15756: ./conftest
configure:15756: $? = 0
configure:15783: result: 8
configure:15797: checking for sys/stat.h
configure:15797: result: yes
configure:15797: checking for unistd.h
configure:15797: result: yes
configure:15797: checking direct.h usability
configure:15797: gcc -c -g -O2  conftest.c >&5
conftest.c:93:10: fatal error: direct.h: No such file or directory
 #include <direct.h>
          ^~~~~~~~~~
compilation terminated.
configure:15797: $? = 1
configure: failed program was:
| /* confdefs.h */
| #define PACKAGE_NAME "libgpg-error"
| #define PACKAGE_TARNAME "libgpg-error"
| #define PACKAGE_VERSION "1.33"
| #define PACKAGE_STRING "libgpg-error 1.33"
| #define PACKAGE_BUGREPORT "https://bugs.gnupg.org"
| #define PACKAGE_URL ""
| #define PACKAGE "libgpg-error"
| #define VERSION "1.33"
| #define STDC_HEADERS 1
| #define HAVE_SYS_TYPES_H 1
| #define HAVE_SYS_STAT_H 1
| #define HAVE_STDLIB_H 1
| #define HAVE_STRING_H 1
| #define HAVE_MEMORY_H 1
| #define HAVE_STRINGS_H 1
| #define HAVE_INTTYPES_H 1
| #define HAVE_STDINT_H 1
| #define HAVE_UNISTD_H 1
| #define __EXTENSIONS__ 1
| #define _ALL_SOURCE 1
| #define _GNU_SOURCE 1
| #define _POSIX_PTHREAD_SEMANTICS 1
| #define _TANDEM_SOURCE 1
| #define HAVE_DLFCN_H 1
| #define LT_OBJDIR ".libs/"
| #define ENABLE_NLS 1
| #define HAVE_GETTEXT 1
| #define HAVE_DCGETTEXT 1
| #define STDC_HEADERS 1
| #define HAVE_STDLIB_H 1
| #define HAVE_LOCALE_H 1
| #define HAVE_STDINT_H 1
| #define HAVE_SYS_SELECT_H 1
| #define HAVE_SYS_TIME_H 1
| #define HAVE_SIGNAL_H 1
| #define HAVE_DECL_STRERROR_R 1
| #define HAVE_STRERROR_R 1
| #define STRERROR_R_CHAR_P 1
| #define HAVE_FORK 1
| #define HAVE_VFORK 1
| #define HAVE_WORKING_VFORK 1
| #define HAVE_WORKING_FORK 1
| #define HAVE_FLOCKFILE 1
| #define HAVE_VASPRINTF 1
| #define HAVE_MMAP 1
| #define HAVE_RAND 1
| #define HAVE_STPCPY 1
| #define HAVE_SETENV 1
| #define HAVE_STAT 1
| #define HAVE_GETRLIMIT 1
| #define SIZEOF_INT 4
| #define SIZEOF_LONG 8
| #define SIZEOF_LONG_LONG 8
| #define TIME_WITH_SYS_TIME 1
| #define SIZEOF_TIME_T 8
| #define HAVE_SYS_STAT_H 1
| #define HAVE_UNISTD_H 1
| /* end confdefs.h.  */
| #include <stdio.h>
| #ifdef HAVE_SYS_TYPES_H
| # include <sys/types.h>
| #endif
| #ifdef HAVE_SYS_STAT_H
| # include <sys/stat.h>
| #endif
| #ifdef STDC_HEADERS
| # include <stdlib.h>
| # include <stddef.h>
| #else
| # ifdef HAVE_STDLIB_H
| #  include <stdlib.h>
| # endif
| #endif
| #ifdef HAVE_STRING_H
| # if !defined STDC_HEADERS && defined HAVE_MEMORY_H
| #  include <memory.h>
| # endif
| # include <string.h>
| #endif
| #ifdef HAVE_STRINGS_H
| # include <strings.h>
| #endif
| #ifdef HAVE_INTTYPES_H
| # include <inttypes.h>
| #endif
| #ifdef HAVE_STDINT_H
| # include <stdint.h>
| #endif
| #ifdef HAVE_UNISTD_H
| # include <unistd.h>
| #endif
| #include <direct.h>
configure:15797: result: no
configure:15797: checking direct.h presence
configure:15797: gcc -E  conftest.c
conftest.c:60:10: fatal error: direct.h: No such file or directory
 #include <direct.h>
          ^~~~~~~~~~
compilation terminated.
configure:15797: $? = 1
configure: failed program was:
| /* confdefs.h */
| #define PACKAGE_NAME "libgpg-error"
| #define PACKAGE_TARNAME "libgpg-error"
| #define PACKAGE_VERSION "1.33"
| #define PACKAGE_STRING "libgpg-error 1.33"
| #define PACKAGE_BUGREPORT "https://bugs.gnupg.org"
| #define PACKAGE_URL ""
| #define PACKAGE "libgpg-error"
| #define VERSION "1.33"
| #define STDC_HEADERS 1
| #define HAVE_SYS_TYPES_H 1
| #define HAVE_SYS_STAT_H 1
| #define HAVE_STDLIB_H 1
| #define HAVE_STRING_H 1
| #define HAVE_MEMORY_H 1
| #define HAVE_STRINGS_H 1
| #define HAVE_INTTYPES_H 1
| #define HAVE_STDINT_H 1
| #define HAVE_UNISTD_H 1
| #define __EXTENSIONS__ 1
| #define _ALL_SOURCE 1
| #define _GNU_SOURCE 1
| #define _POSIX_PTHREAD_SEMANTICS 1
| #define _TANDEM_SOURCE 1
| #define HAVE_DLFCN_H 1
| #define LT_OBJDIR ".libs/"
| #define ENABLE_NLS 1
| #define HAVE_GETTEXT 1
| #define HAVE_DCGETTEXT 1
| #define STDC_HEADERS 1
| #define HAVE_STDLIB_H 1
| #define HAVE_LOCALE_H 1
| #define HAVE_STDINT_H 1
| #define HAVE_SYS_SELECT_H 1
| #define HAVE_SYS_TIME_H 1
| #define HAVE_SIGNAL_H 1
| #define HAVE_DECL_STRERROR_R 1
| #define HAVE_STRERROR_R 1
| #define STRERROR_R_CHAR_P 1
| #define HAVE_FORK 1
| #define HAVE_VFORK 1
| #define HAVE_WORKING_VFORK 1
| #define HAVE_WORKING_FORK 1
| #define HAVE_FLOCKFILE 1
| #define HAVE_VASPRINTF 1
| #define HAVE_MMAP 1
| #define HAVE_RAND 1
| #define HAVE_STPCPY 1
| #define HAVE_SETENV 1
| #define HAVE_STAT 1
| #define HAVE_GETRLIMIT 1
| #define SIZEOF_INT 4
| #define SIZEOF_LONG 8
| #define SIZEOF_LONG_LONG 8
| #define TIME_WITH_SYS_TIME 1
| #define SIZEOF_TIME_T 8
| #define HAVE_SYS_STAT_H 1
| #define HAVE_UNISTD_H 1
| /* end confdefs.h.  */
| #include <direct.h>
configure:15797: result: no
configure:15797: checking for direct.h
configure:15797: result: no
configure:15807: checking if mkdir takes one argument
configure:15833: gcc -c -g -O2  conftest.c >&5
configure:15833: $? = 0
configure:15840: result: no
configure:15876: checking for cc features
configure:15881: checking if gcc ignores unknown -Wno-* options
configure:15897: gcc -c -g -O2  conftest.c >&5
configure:15897: $? = 0
configure:15903: result: yes
configure:15979: checking if gcc supports -Wpointer-arith
configure:15994: gcc -c -Wpointer-arith  conftest.c >&5
configure:15994: $? = 0
configure:16000: result: yes
configure:16019: checking whether the GCC style aligned attribute is supported
configure:16029: gcc -c -g -O2 -Wall -Wpointer-arith -Wno-psabi  conftest.c >&5
configure:16029: $? = 0
configure:16034: result: yes
configure:16045: checking whether the visibility attribute is supported
configure:16068: result: yes
configure:16071: checking for broken visibility attribute
configure:16095: result: no
configure:16099: checking for broken alias attribute
configure:16125: result: no
configure:16129: checking if gcc supports -fvisibility=hidden
configure:16148: gcc -c -fvisibility=hidden  conftest.c >&5
configure:16148: $? = 0
configure:16155: result: yes
configure:16225: checking whether imported symbols can be declared weak
configure:16243: gcc -o conftest -g -O2 -Wall -Wpointer-arith -Wno-psabi -fvisibility=hidden   conftest.c  >&5
configure:16243: $? = 0
configure:16277: gcc -o conftest -g -O2 -Wall -Wpointer-arith -Wno-psabi -fvisibility=hidden   conftest.c  >&5
configure:16277: $? = 0
configure:16277: ./conftest
configure:16277: $? = 0
configure:16289: result: yes
configure:16294: checking pthread.h usability
configure:16294: gcc -c -g -O2 -Wall -Wpointer-arith -Wno-psabi -fvisibility=hidden  conftest.c >&5
configure:16294: $? = 0
configure:16294: result: yes
configure:16294: checking pthread.h presence
configure:16294: gcc -E  conftest.c
configure:16294: $? = 0
configure:16294: result: yes
configure:16294: checking for pthread.h
configure:16294: result: yes
configure:16322: gcc -o conftest -g -O2 -Wall -Wpointer-arith -Wno-psabi -fvisibility=hidden   conftest.c  >&5
conftest.c: In function 'main':
conftest.c:67:1: warning: null argument where non-null required (argument 1) [-Wnonnull]
 pthread_mutex_lock((pthread_mutex_t*)0);
 ^~~~~~~~~~~~~~~~~~
conftest.c:68:16: warning: null argument where non-null required (argument 1) [-Wnonnull]
                pthread_mutexattr_init((pthread_mutexattr_t*)0);
                ^~~~~~~~~~~~~~~~~~~~~~
/tmp/ccIKY1kO.o: In function `main':
/home/leemoon/Desktop/vsCode/Final/libgcrypt-1.8.4/libgpg-error-1.33/conftest.c:68: undefined reference to `pthread_mutexattr_init'
collect2: error: ld returned 1 exit status
configure:16322: $? = 1
configure: failed program was:
| /* confdefs.h */
| #define PACKAGE_NAME "libgpg-error"
| #define PACKAGE_TARNAME "libgpg-error"
| #define PACKAGE_VERSION "1.33"
| #define PACKAGE_STRING "libgpg-error 1.33"
| #define PACKAGE_BUGREPORT "https://bugs.gnupg.org"
| #define PACKAGE_URL ""
| #define PACKAGE "libgpg-error"
| #define VERSION "1.33"
| #define STDC_HEADERS 1
| #define HAVE_SYS_TYPES_H 1
| #define HAVE_SYS_STAT_H 1
| #define HAVE_STDLIB_H 1
| #define HAVE_STRING_H 1
| #define HAVE_MEMORY_H 1
| #define HAVE_STRINGS_H 1
| #define HAVE_INTTYPES_H 1
| #define HAVE_STDINT_H 1
| #define HAVE_UNISTD_H 1
| #define __EXTENSIONS__ 1
| #define _ALL_SOURCE 1
| #define _GNU_SOURCE 1
| #define _POSIX_PTHREAD_SEMANTICS 1
| #define _TANDEM_SOURCE 1
| #define HAVE_DLFCN_H 1
| #define LT_OBJDIR ".libs/"
| #define ENABLE_NLS 1
| #define HAVE_GETTEXT 1
| #define HAVE_DCGETTEXT 1
| #define STDC_HEADERS 1
| #define HAVE_STDLIB_H 1
| #define HAVE_LOCALE_H 1
| #define HAVE_STDINT_H 1
| #define HAVE_SYS_SELECT_H 1
| #define HAVE_SYS_TIME_H 1
| #define HAVE_SIGNAL_H 1
| #define HAVE_DECL_STRERROR_R 1
| #define HAVE_STRERROR_R 1
| #define STRERROR_R_CHAR_P 1
| #define HAVE_FORK 1
| #define HAVE_VFORK 1
| #define HAVE_WORKING_VFORK 1
| #define HAVE_WORKING_FORK 1
| #define HAVE_FLOCKFILE 1
| #define HAVE_VASPRINTF 1
| #define HAVE_MMAP 1
| #define HAVE_RAND 1
| #define HAVE_STPCPY 1
| #define HAVE_SETENV 1
| #define HAVE_STAT 1
| #define HAVE_GETRLIMIT 1
| #define SIZEOF_INT 4
| #define SIZEOF_LONG 8
| #define SIZEOF_LONG_LONG 8
| #define TIME_WITH_SYS_TIME 1
| #define SIZEOF_TIME_T 8
| #define HAVE_SYS_STAT_H 1
| #define HAVE_UNISTD_H 1
| #define REPLACEMENT_FOR_OFF_T "long"
| #define HAVE_GCC_ATTRIBUTE_ALIGNED 1
| #define GPGRT_USE_VISIBILITY 1
| /* end confdefs.h.  */
| #include <pthread.h>
| int
| main ()
| {
| pthread_mutex_lock((pthread_mutex_t*)0);
|                pthread_mutexattr_init((pthread_mutexattr_t*)0);
|   ;
|   return 0;
| }
configure:16385: checking for pthread_kill in -lpthread
configure:16410: gcc -o conftest -g -O2 -Wall -Wpointer-arith -Wno-psabi -fvisibility=hidden   conftest.c -lpthread   >&5
configure:16410: $? = 0
configure:16419: result: yes
configure:16551: checking for multithread API to use
configure:16553: result: posix
configure:16569: checking for pthread_rwlock_t
configure:16569: gcc -c -g -O2 -Wall -Wpointer-arith -Wno-psabi -fvisibility=hidden  conftest.c >&5
configure:16569: $? = 0
configure:16569: gcc -c -g -O2 -Wall -Wpointer-arith -Wno-psabi -fvisibility=hidden  conftest.c >&5
conftest.c: In function 'main':
conftest.c:70:31: error: expected expression before ')' token
 if (sizeof ((pthread_rwlock_t)))
                               ^
configure:16569: $? = 1
configure: failed program was:
| /* confdefs.h */
| #define PACKAGE_NAME "libgpg-error"
| #define PACKAGE_TARNAME "libgpg-error"
| #define PACKAGE_VERSION "1.33"
| #define PACKAGE_STRING "libgpg-error 1.33"
| #define PACKAGE_BUGREPORT "https://bugs.gnupg.org"
| #define PACKAGE_URL ""
| #define PACKAGE "libgpg-error"
| #define VERSION "1.33"
| #define STDC_HEADERS 1
| #define HAVE_SYS_TYPES_H 1
| #define HAVE_SYS_STAT_H 1
| #define HAVE_STDLIB_H 1
| #define HAVE_STRING_H 1
| #define HAVE_MEMORY_H 1
| #define HAVE_STRINGS_H 1
| #define HAVE_INTTYPES_H 1
| #define HAVE_STDINT_H 1
| #define HAVE_UNISTD_H 1
| #define __EXTENSIONS__ 1
| #define _ALL_SOURCE 1
| #define _GNU_SOURCE 1
| #define _POSIX_PTHREAD_SEMANTICS 1
| #define _TANDEM_SOURCE 1
| #define HAVE_DLFCN_H 1
| #define LT_OBJDIR ".libs/"
| #define ENABLE_NLS 1
| #define HAVE_GETTEXT 1
| #define HAVE_DCGETTEXT 1
| #define STDC_HEADERS 1
| #define HAVE_STDLIB_H 1
| #define HAVE_LOCALE_H 1
| #define HAVE_STDINT_H 1
| #define HAVE_SYS_SELECT_H 1
| #define HAVE_SYS_TIME_H 1
| #define HAVE_SIGNAL_H 1
| #define HAVE_DECL_STRERROR_R 1
| #define HAVE_STRERROR_R 1
| #define STRERROR_R_CHAR_P 1
| #define HAVE_FORK 1
| #define HAVE_VFORK 1
| #define HAVE_WORKING_VFORK 1
| #define HAVE_WORKING_FORK 1
| #define HAVE_FLOCKFILE 1
| #define HAVE_VASPRINTF 1
| #define HAVE_MMAP 1
| #define HAVE_RAND 1
| #define HAVE_STPCPY 1
| #define HAVE_SETENV 1
| #define HAVE_STAT 1
| #define HAVE_GETRLIMIT 1
| #define SIZEOF_INT 4
| #define SIZEOF_LONG 8
| #define SIZEOF_LONG_LONG 8
| #define TIME_WITH_SYS_TIME 1
| #define SIZEOF_TIME_T 8
| #define HAVE_SYS_STAT_H 1
| #define HAVE_UNISTD_H 1
| #define REPLACEMENT_FOR_OFF_T "long"
| #define HAVE_GCC_ATTRIBUTE_ALIGNED 1
| #define GPGRT_USE_VISIBILITY 1
| #define USE_POSIX_THREADS 1
| #define USE_POSIX_THREADS_WEAK 1
| /* end confdefs.h.  */
| #include <pthread.h>
| 
| int
| main ()
| {
| if (sizeof ((pthread_rwlock_t)))
| 	    return 0;
|   ;
|   return 0;
| }
configure:16569: result: yes
configure:16600: gcc -c -g -O2 -Wall -Wpointer-arith -Wno-psabi -fvisibility=hidden  conftest.c >&5
configure:16600: $? = 0
configure:16614: checking size of pthread_mutex_t
configure:16619: gcc -o conftest -g -O2 -Wall -Wpointer-arith -Wno-psabi -fvisibility=hidden   conftest.c  >&5
configure:16619: $? = 0
configure:16619: ./conftest
configure:16619: $? = 0
configure:16635: result: 40
configure:16656: checking for library containing sched_yield
configure:16687: gcc -o conftest -g -O2 -Wall -Wpointer-arith -Wno-psabi -fvisibility=hidden   conftest.c  >&5
configure:16687: $? = 0
configure:16704: result: none required
configure:16718: checking for library containing inet_addr
configure:16749: gcc -o conftest -g -O2 -Wall -Wpointer-arith -Wno-psabi -fvisibility=hidden   conftest.c  >&5
configure:16749: $? = 0
configure:16766: result: none required
configure:16776: checking for library containing socket
configure:16807: gcc -o conftest -g -O2 -Wall -Wpointer-arith -Wno-psabi -fvisibility=hidden   conftest.c  >&5
configure:16807: $? = 0
configure:16824: result: none required
configure:16861: checking whether readline via "-lreadline" is present and sane
configure:16886: gcc -o conftest -g -O2 -Wall -Wpointer-arith -Wno-psabi -fvisibility=hidden   conftest.c  -lreadline >&5
conftest.c:70:10: fatal error: readline/readline.h: No such file or directory
 #include <readline/readline.h>
          ^~~~~~~~~~~~~~~~~~~~~
compilation terminated.
configure:16886: $? = 1
configure: failed program was:
| /* confdefs.h */
| #define PACKAGE_NAME "libgpg-error"
| #define PACKAGE_TARNAME "libgpg-error"
| #define PACKAGE_VERSION "1.33"
| #define PACKAGE_STRING "libgpg-error 1.33"
| #define PACKAGE_BUGREPORT "https://bugs.gnupg.org"
| #define PACKAGE_URL ""
| #define PACKAGE "libgpg-error"
| #define VERSION "1.33"
| #define STDC_HEADERS 1
| #define HAVE_SYS_TYPES_H 1
| #define HAVE_SYS_STAT_H 1
| #define HAVE_STDLIB_H 1
| #define HAVE_STRING_H 1
| #define HAVE_MEMORY_H 1
| #define HAVE_STRINGS_H 1
| #define HAVE_INTTYPES_H 1
| #define HAVE_STDINT_H 1
| #define HAVE_UNISTD_H 1
| #define __EXTENSIONS__ 1
| #define _ALL_SOURCE 1
| #define _GNU_SOURCE 1
| #define _POSIX_PTHREAD_SEMANTICS 1
| #define _TANDEM_SOURCE 1
| #define HAVE_DLFCN_H 1
| #define LT_OBJDIR ".libs/"
| #define ENABLE_NLS 1
| #define HAVE_GETTEXT 1
| #define HAVE_DCGETTEXT 1
| #define STDC_HEADERS 1
| #define HAVE_STDLIB_H 1
| #define HAVE_LOCALE_H 1
| #define HAVE_STDINT_H 1
| #define HAVE_SYS_SELECT_H 1
| #define HAVE_SYS_TIME_H 1
| #define HAVE_SIGNAL_H 1
| #define HAVE_DECL_STRERROR_R 1
| #define HAVE_STRERROR_R 1
| #define STRERROR_R_CHAR_P 1
| #define HAVE_FORK 1
| #define HAVE_VFORK 1
| #define HAVE_WORKING_VFORK 1
| #define HAVE_WORKING_FORK 1
| #define HAVE_FLOCKFILE 1
| #define HAVE_VASPRINTF 1
| #define HAVE_MMAP 1
| #define HAVE_RAND 1
| #define HAVE_STPCPY 1
| #define HAVE_SETENV 1
| #define HAVE_STAT 1
| #define HAVE_GETRLIMIT 1
| #define SIZEOF_INT 4
| #define SIZEOF_LONG 8
| #define SIZEOF_LONG_LONG 8
| #define TIME_WITH_SYS_TIME 1
| #define SIZEOF_TIME_T 8
| #define HAVE_SYS_STAT_H 1
| #define HAVE_UNISTD_H 1
| #define REPLACEMENT_FOR_OFF_T "long"
| #define HAVE_GCC_ATTRIBUTE_ALIGNED 1
| #define GPGRT_USE_VISIBILITY 1
| #define USE_POSIX_THREADS 1
| #define USE_POSIX_THREADS_WEAK 1
| #define HAVE_PTHREAD_RWLOCK 1
| #define HAVE_PTHREAD_MUTEX_RECURSIVE 1
| #define SIZEOF_PTHREAD_MUTEX_T 40
| /* end confdefs.h.  */
| 
| #include <stdio.h>
| #include <readline/readline.h>
| #include <readline/history.h>
| 
| int
| main ()
| {
| 
| rl_completion_func_t *completer;
| add_history("foobar");
| rl_catch_signals=0;
| rl_inhibit_completion=0;
| rl_attempted_completion_function=NULL;
| rl_completion_matches(NULL,NULL);
| 
|   ;
|   return 0;
| }
configure:16894: result: no
configure:16861: checking whether readline via "-lreadline -ltermcap" is present and sane
configure:16886: gcc -o conftest -g -O2 -Wall -Wpointer-arith -Wno-psabi -fvisibility=hidden   conftest.c  -lreadline -ltermcap >&5
conftest.c:70:10: fatal error: readline/readline.h: No such file or directory
 #include <readline/readline.h>
          ^~~~~~~~~~~~~~~~~~~~~
compilation terminated.
configure:16886: $? = 1
configure: failed program was:
| /* confdefs.h */
| #define PACKAGE_NAME "libgpg-error"
| #define PACKAGE_TARNAME "libgpg-error"
| #define PACKAGE_VERSION "1.33"
| #define PACKAGE_STRING "libgpg-error 1.33"
| #define PACKAGE_BUGREPORT "https://bugs.gnupg.org"
| #define PACKAGE_URL ""
| #define PACKAGE "libgpg-error"
| #define VERSION "1.33"
| #define STDC_HEADERS 1
| #define HAVE_SYS_TYPES_H 1
| #define HAVE_SYS_STAT_H 1
| #define HAVE_STDLIB_H 1
| #define HAVE_STRING_H 1
| #define HAVE_MEMORY_H 1
| #define HAVE_STRINGS_H 1
| #define HAVE_INTTYPES_H 1
| #define HAVE_STDINT_H 1
| #define HAVE_UNISTD_H 1
| #define __EXTENSIONS__ 1
| #define _ALL_SOURCE 1
| #define _GNU_SOURCE 1
| #define _POSIX_PTHREAD_SEMANTICS 1
| #define _TANDEM_SOURCE 1
| #define HAVE_DLFCN_H 1
| #define LT_OBJDIR ".libs/"
| #define ENABLE_NLS 1
| #define HAVE_GETTEXT 1
| #define HAVE_DCGETTEXT 1
| #define STDC_HEADERS 1
| #define HAVE_STDLIB_H 1
| #define HAVE_LOCALE_H 1
| #define HAVE_STDINT_H 1
| #define HAVE_SYS_SELECT_H 1
| #define HAVE_SYS_TIME_H 1
| #define HAVE_SIGNAL_H 1
| #define HAVE_DECL_STRERROR_R 1
| #define HAVE_STRERROR_R 1
| #define STRERROR_R_CHAR_P 1
| #define HAVE_FORK 1
| #define HAVE_VFORK 1
| #define HAVE_WORKING_VFORK 1
| #define HAVE_WORKING_FORK 1
| #define HAVE_FLOCKFILE 1
| #define HAVE_VASPRINTF 1
| #define HAVE_MMAP 1
| #define HAVE_RAND 1
| #define HAVE_STPCPY 1
| #define HAVE_SETENV 1
| #define HAVE_STAT 1
| #define HAVE_GETRLIMIT 1
| #define SIZEOF_INT 4
| #define SIZEOF_LONG 8
| #define SIZEOF_LONG_LONG 8
| #define TIME_WITH_SYS_TIME 1
| #define SIZEOF_TIME_T 8
| #define HAVE_SYS_STAT_H 1
| #define HAVE_UNISTD_H 1
| #define REPLACEMENT_FOR_OFF_T "long"
| #define HAVE_GCC_ATTRIBUTE_ALIGNED 1
| #define GPGRT_USE_VISIBILITY 1
| #define USE_POSIX_THREADS 1
| #define USE_POSIX_THREADS_WEAK 1
| #define HAVE_PTHREAD_RWLOCK 1
| #define HAVE_PTHREAD_MUTEX_RECURSIVE 1
| #define SIZEOF_PTHREAD_MUTEX_T 40
| /* end confdefs.h.  */
| 
| #include <stdio.h>
| #include <readline/readline.h>
| #include <readline/history.h>
| 
| int
| main ()
| {
| 
| rl_completion_func_t *completer;
| add_history("foobar");
| rl_catch_signals=0;
| rl_inhibit_completion=0;
| rl_attempted_completion_function=NULL;
| rl_completion_matches(NULL,NULL);
| 
|   ;
|   return 0;
| }
configure:16894: result: no
configure:16861: checking whether readline via "-lreadline -lcurses" is present and sane
configure:16886: gcc -o conftest -g -O2 -Wall -Wpointer-arith -Wno-psabi -fvisibility=hidden   conftest.c  -lreadline -lcurses >&5
conftest.c:70:10: fatal error: readline/readline.h: No such file or directory
 #include <readline/readline.h>
          ^~~~~~~~~~~~~~~~~~~~~
compilation terminated.
configure:16886: $? = 1
configure: failed program was:
| /* confdefs.h */
| #define PACKAGE_NAME "libgpg-error"
| #define PACKAGE_TARNAME "libgpg-error"
| #define PACKAGE_VERSION "1.33"
| #define PACKAGE_STRING "libgpg-error 1.33"
| #define PACKAGE_BUGREPORT "https://bugs.gnupg.org"
| #define PACKAGE_URL ""
| #define PACKAGE "libgpg-error"
| #define VERSION "1.33"
| #define STDC_HEADERS 1
| #define HAVE_SYS_TYPES_H 1
| #define HAVE_SYS_STAT_H 1
| #define HAVE_STDLIB_H 1
| #define HAVE_STRING_H 1
| #define HAVE_MEMORY_H 1
| #define HAVE_STRINGS_H 1
| #define HAVE_INTTYPES_H 1
| #define HAVE_STDINT_H 1
| #define HAVE_UNISTD_H 1
| #define __EXTENSIONS__ 1
| #define _ALL_SOURCE 1
| #define _GNU_SOURCE 1
| #define _POSIX_PTHREAD_SEMANTICS 1
| #define _TANDEM_SOURCE 1
| #define HAVE_DLFCN_H 1
| #define LT_OBJDIR ".libs/"
| #define ENABLE_NLS 1
| #define HAVE_GETTEXT 1
| #define HAVE_DCGETTEXT 1
| #define STDC_HEADERS 1
| #define HAVE_STDLIB_H 1
| #define HAVE_LOCALE_H 1
| #define HAVE_STDINT_H 1
| #define HAVE_SYS_SELECT_H 1
| #define HAVE_SYS_TIME_H 1
| #define HAVE_SIGNAL_H 1
| #define HAVE_DECL_STRERROR_R 1
| #define HAVE_STRERROR_R 1
| #define STRERROR_R_CHAR_P 1
| #define HAVE_FORK 1
| #define HAVE_VFORK 1
| #define HAVE_WORKING_VFORK 1
| #define HAVE_WORKING_FORK 1
| #define HAVE_FLOCKFILE 1
| #define HAVE_VASPRINTF 1
| #define HAVE_MMAP 1
| #define HAVE_RAND 1
| #define HAVE_STPCPY 1
| #define HAVE_SETENV 1
| #define HAVE_STAT 1
| #define HAVE_GETRLIMIT 1
| #define SIZEOF_INT 4
| #define SIZEOF_LONG 8
| #define SIZEOF_LONG_LONG 8
| #define TIME_WITH_SYS_TIME 1
| #define SIZEOF_TIME_T 8
| #define HAVE_SYS_STAT_H 1
| #define HAVE_UNISTD_H 1
| #define REPLACEMENT_FOR_OFF_T "long"
| #define HAVE_GCC_ATTRIBUTE_ALIGNED 1
| #define GPGRT_USE_VISIBILITY 1
| #define USE_POSIX_THREADS 1
| #define USE_POSIX_THREADS_WEAK 1
| #define HAVE_PTHREAD_RWLOCK 1
| #define HAVE_PTHREAD_MUTEX_RECURSIVE 1
| #define SIZEOF_PTHREAD_MUTEX_T 40
| /* end confdefs.h.  */
| 
| #include <stdio.h>
| #include <readline/readline.h>
| #include <readline/history.h>
| 
| int
| main ()
| {
| 
| rl_completion_func_t *completer;
| add_history("foobar");
| rl_catch_signals=0;
| rl_inhibit_completion=0;
| rl_attempted_completion_function=NULL;
| rl_completion_matches(NULL,NULL);
| 
|   ;
|   return 0;
| }
configure:16894: result: no
configure:16861: checking whether readline via "-lreadline -lncurses" is present and sane
configure:16886: gcc -o conftest -g -O2 -Wall -Wpointer-arith -Wno-psabi -fvisibility=hidden   conftest.c  -lreadline -lncurses >&5
conftest.c:70:10: fatal error: readline/readline.h: No such file or directory
 #include <readline/readline.h>
          ^~~~~~~~~~~~~~~~~~~~~
compilation terminated.
configure:16886: $? = 1
configure: failed program was:
| /* confdefs.h */
| #define PACKAGE_NAME "libgpg-error"
| #define PACKAGE_TARNAME "libgpg-error"
| #define PACKAGE_VERSION "1.33"
| #define PACKAGE_STRING "libgpg-error 1.33"
| #define PACKAGE_BUGREPORT "https://bugs.gnupg.org"
| #define PACKAGE_URL ""
| #define PACKAGE "libgpg-error"
| #define VERSION "1.33"
| #define STDC_HEADERS 1
| #define HAVE_SYS_TYPES_H 1
| #define HAVE_SYS_STAT_H 1
| #define HAVE_STDLIB_H 1
| #define HAVE_STRING_H 1
| #define HAVE_MEMORY_H 1
| #define HAVE_STRINGS_H 1
| #define HAVE_INTTYPES_H 1
| #define HAVE_STDINT_H 1
| #define HAVE_UNISTD_H 1
| #define __EXTENSIONS__ 1
| #define _ALL_SOURCE 1
| #define _GNU_SOURCE 1
| #define _POSIX_PTHREAD_SEMANTICS 1
| #define _TANDEM_SOURCE 1
| #define HAVE_DLFCN_H 1
| #define LT_OBJDIR ".libs/"
| #define ENABLE_NLS 1
| #define HAVE_GETTEXT 1
| #define HAVE_DCGETTEXT 1
| #define STDC_HEADERS 1
| #define HAVE_STDLIB_H 1
| #define HAVE_LOCALE_H 1
| #define HAVE_STDINT_H 1
| #define HAVE_SYS_SELECT_H 1
| #define HAVE_SYS_TIME_H 1
| #define HAVE_SIGNAL_H 1
| #define HAVE_DECL_STRERROR_R 1
| #define HAVE_STRERROR_R 1
| #define STRERROR_R_CHAR_P 1
| #define HAVE_FORK 1
| #define HAVE_VFORK 1
| #define HAVE_WORKING_VFORK 1
| #define HAVE_WORKING_FORK 1
| #define HAVE_FLOCKFILE 1
| #define HAVE_VASPRINTF 1
| #define HAVE_MMAP 1
| #define HAVE_RAND 1
| #define HAVE_STPCPY 1
| #define HAVE_SETENV 1
| #define HAVE_STAT 1
| #define HAVE_GETRLIMIT 1
| #define SIZEOF_INT 4
| #define SIZEOF_LONG 8
| #define SIZEOF_LONG_LONG 8
| #define TIME_WITH_SYS_TIME 1
| #define SIZEOF_TIME_T 8
| #define HAVE_SYS_STAT_H 1
| #define HAVE_UNISTD_H 1
| #define REPLACEMENT_FOR_OFF_T "long"
| #define HAVE_GCC_ATTRIBUTE_ALIGNED 1
| #define GPGRT_USE_VISIBILITY 1
| #define USE_POSIX_THREADS 1
| #define USE_POSIX_THREADS_WEAK 1
| #define HAVE_PTHREAD_RWLOCK 1
| #define HAVE_PTHREAD_MUTEX_RECURSIVE 1
| #define SIZEOF_PTHREAD_MUTEX_T 40
| /* end confdefs.h.  */
| 
| #include <stdio.h>
| #include <readline/readline.h>
| #include <readline/history.h>
| 
| int
| main ()
| {
| 
| rl_completion_func_t *completer;
| add_history("foobar");
| rl_catch_signals=0;
| rl_inhibit_completion=0;
| rl_attempted_completion_function=NULL;
| rl_completion_matches(NULL,NULL);
| 
|   ;
|   return 0;
| }
configure:16894: result: no
configure:16922: checking for unsigned long long int
configure:16961: gcc -o conftest -g -O2 -Wall -Wpointer-arith -Wno-psabi -fvisibility=hidden   conftest.c  >&5
configure:16961: $? = 0
configure:16970: result: yes
configure:16979: checking system features for estream-printf
configure:16983: checking for stdint.h
configure:16983: result: yes
configure:16995: checking for long long int
configure:17033: gcc -o conftest -g -O2 -Wall -Wpointer-arith -Wno-psabi -fvisibility=hidden   conftest.c  >&5
configure:17033: $? = 0
configure:17033: ./conftest
configure:17033: $? = 0
configure:17045: result: yes
configure:17054: checking for long double
configure:17087: result: yes
configure:17097: checking for intmax_t
configure:17097: gcc -c -g -O2 -Wall -Wpointer-arith -Wno-psabi -fvisibility=hidden  conftest.c >&5
configure:17097: $? = 0
configure:17097: gcc -c -g -O2 -Wall -Wpointer-arith -Wno-psabi -fvisibility=hidden  conftest.c >&5
conftest.c: In function 'main':
conftest.c:108:23: error: expected expression before ')' token
 if (sizeof ((intmax_t)))
                       ^
configure:17097: $? = 1
configure: failed program was:
| /* confdefs.h */
| #define PACKAGE_NAME "libgpg-error"
| #define PACKAGE_TARNAME "libgpg-error"
| #define PACKAGE_VERSION "1.33"
| #define PACKAGE_STRING "libgpg-error 1.33"
| #define PACKAGE_BUGREPORT "https://bugs.gnupg.org"
| #define PACKAGE_URL ""
| #define PACKAGE "libgpg-error"
| #define VERSION "1.33"
| #define STDC_HEADERS 1
| #define HAVE_SYS_TYPES_H 1
| #define HAVE_SYS_STAT_H 1
| #define HAVE_STDLIB_H 1
| #define HAVE_STRING_H 1
| #define HAVE_MEMORY_H 1
| #define HAVE_STRINGS_H 1
| #define HAVE_INTTYPES_H 1
| #define HAVE_STDINT_H 1
| #define HAVE_UNISTD_H 1
| #define __EXTENSIONS__ 1
| #define _ALL_SOURCE 1
| #define _GNU_SOURCE 1
| #define _POSIX_PTHREAD_SEMANTICS 1
| #define _TANDEM_SOURCE 1
| #define HAVE_DLFCN_H 1
| #define LT_OBJDIR ".libs/"
| #define ENABLE_NLS 1
| #define HAVE_GETTEXT 1
| #define HAVE_DCGETTEXT 1
| #define STDC_HEADERS 1
| #define HAVE_STDLIB_H 1
| #define HAVE_LOCALE_H 1
| #define HAVE_STDINT_H 1
| #define HAVE_SYS_SELECT_H 1
| #define HAVE_SYS_TIME_H 1
| #define HAVE_SIGNAL_H 1
| #define HAVE_DECL_STRERROR_R 1
| #define HAVE_STRERROR_R 1
| #define STRERROR_R_CHAR_P 1
| #define HAVE_FORK 1
| #define HAVE_VFORK 1
| #define HAVE_WORKING_VFORK 1
| #define HAVE_WORKING_FORK 1
| #define HAVE_FLOCKFILE 1
| #define HAVE_VASPRINTF 1
| #define HAVE_MMAP 1
| #define HAVE_RAND 1
| #define HAVE_STPCPY 1
| #define HAVE_SETENV 1
| #define HAVE_STAT 1
| #define HAVE_GETRLIMIT 1
| #define SIZEOF_INT 4
| #define SIZEOF_LONG 8
| #define SIZEOF_LONG_LONG 8
| #define TIME_WITH_SYS_TIME 1
| #define SIZEOF_TIME_T 8
| #define HAVE_SYS_STAT_H 1
| #define HAVE_UNISTD_H 1
| #define REPLACEMENT_FOR_OFF_T "long"
| #define HAVE_GCC_ATTRIBUTE_ALIGNED 1
| #define GPGRT_USE_VISIBILITY 1
| #define USE_POSIX_THREADS 1
| #define USE_POSIX_THREADS_WEAK 1
| #define HAVE_PTHREAD_RWLOCK 1
| #define HAVE_PTHREAD_MUTEX_RECURSIVE 1
| #define SIZEOF_PTHREAD_MUTEX_T 40
| #define HAVE_UNSIGNED_LONG_LONG_INT 1
| #define HAVE_STDINT_H 1
| #define HAVE_LONG_LONG_INT 1
| #define HAVE_LONG_DOUBLE 1
| /* end confdefs.h.  */
| #include <stdio.h>
| #ifdef HAVE_SYS_TYPES_H
| # include <sys/types.h>
| #endif
| #ifdef HAVE_SYS_STAT_H
| # include <sys/stat.h>
| #endif
| #ifdef STDC_HEADERS
| # include <stdlib.h>
| # include <stddef.h>
| #else
| # ifdef HAVE_STDLIB_H
| #  include <stdlib.h>
| # endif
| #endif
| #ifdef HAVE_STRING_H
| # if !defined STDC_HEADERS && defined HAVE_MEMORY_H
| #  include <memory.h>
| # endif
| # include <string.h>
| #endif
| #ifdef HAVE_STRINGS_H
| # include <strings.h>
| #endif
| #ifdef HAVE_INTTYPES_H
| # include <inttypes.h>
| #endif
| #ifdef HAVE_STDINT_H
| # include <stdint.h>
| #endif
| #ifdef HAVE_UNISTD_H
| # include <unistd.h>
| #endif
| int
| main ()
| {
| if (sizeof ((intmax_t)))
| 	    return 0;
|   ;
|   return 0;
| }
configure:17097: result: yes
configure:17116: checking for uintmax_t
configure:17116: gcc -c -g -O2 -Wall -Wpointer-arith -Wno-psabi -fvisibility=hidden  conftest.c >&5
configure:17116: $? = 0
configure:17116: gcc -c -g -O2 -Wall -Wpointer-arith -Wno-psabi -fvisibility=hidden  conftest.c >&5
conftest.c: In function 'main':
conftest.c:109:24: error: expected expression before ')' token
 if (sizeof ((uintmax_t)))
                        ^
configure:17116: $? = 1
configure: failed program was:
| /* confdefs.h */
| #define PACKAGE_NAME "libgpg-error"
| #define PACKAGE_TARNAME "libgpg-error"
| #define PACKAGE_VERSION "1.33"
| #define PACKAGE_STRING "libgpg-error 1.33"
| #define PACKAGE_BUGREPORT "https://bugs.gnupg.org"
| #define PACKAGE_URL ""
| #define PACKAGE "libgpg-error"
| #define VERSION "1.33"
| #define STDC_HEADERS 1
| #define HAVE_SYS_TYPES_H 1
| #define HAVE_SYS_STAT_H 1
| #define HAVE_STDLIB_H 1
| #define HAVE_STRING_H 1
| #define HAVE_MEMORY_H 1
| #define HAVE_STRINGS_H 1
| #define HAVE_INTTYPES_H 1
| #define HAVE_STDINT_H 1
| #define HAVE_UNISTD_H 1
| #define __EXTENSIONS__ 1
| #define _ALL_SOURCE 1
| #define _GNU_SOURCE 1
| #define _POSIX_PTHREAD_SEMANTICS 1
| #define _TANDEM_SOURCE 1
| #define HAVE_DLFCN_H 1
| #define LT_OBJDIR ".libs/"
| #define ENABLE_NLS 1
| #define HAVE_GETTEXT 1
| #define HAVE_DCGETTEXT 1
| #define STDC_HEADERS 1
| #define HAVE_STDLIB_H 1
| #define HAVE_LOCALE_H 1
| #define HAVE_STDINT_H 1
| #define HAVE_SYS_SELECT_H 1
| #define HAVE_SYS_TIME_H 1
| #define HAVE_SIGNAL_H 1
| #define HAVE_DECL_STRERROR_R 1
| #define HAVE_STRERROR_R 1
| #define STRERROR_R_CHAR_P 1
| #define HAVE_FORK 1
| #define HAVE_VFORK 1
| #define HAVE_WORKING_VFORK 1
| #define HAVE_WORKING_FORK 1
| #define HAVE_FLOCKFILE 1
| #define HAVE_VASPRINTF 1
| #define HAVE_MMAP 1
| #define HAVE_RAND 1
| #define HAVE_STPCPY 1
| #define HAVE_SETENV 1
| #define HAVE_STAT 1
| #define HAVE_GETRLIMIT 1
| #define SIZEOF_INT 4
| #define SIZEOF_LONG 8
| #define SIZEOF_LONG_LONG 8
| #define TIME_WITH_SYS_TIME 1
| #define SIZEOF_TIME_T 8
| #define HAVE_SYS_STAT_H 1
| #define HAVE_UNISTD_H 1
| #define REPLACEMENT_FOR_OFF_T "long"
| #define HAVE_GCC_ATTRIBUTE_ALIGNED 1
| #define GPGRT_USE_VISIBILITY 1
| #define USE_POSIX_THREADS 1
| #define USE_POSIX_THREADS_WEAK 1
| #define HAVE_PTHREAD_RWLOCK 1
| #define HAVE_PTHREAD_MUTEX_RECURSIVE 1
| #define SIZEOF_PTHREAD_MUTEX_T 40
| #define HAVE_UNSIGNED_LONG_LONG_INT 1
| #define HAVE_STDINT_H 1
| #define HAVE_LONG_LONG_INT 1
| #define HAVE_LONG_DOUBLE 1
| #define HAVE_INTMAX_T 1
| /* end confdefs.h.  */
| #include <stdio.h>
| #ifdef HAVE_SYS_TYPES_H
| # include <sys/types.h>
| #endif
| #ifdef HAVE_SYS_STAT_H
| # include <sys/stat.h>
| #endif
| #ifdef STDC_HEADERS
| # include <stdlib.h>
| # include <stddef.h>
| #else
| # ifdef HAVE_STDLIB_H
| #  include <stdlib.h>
| # endif
| #endif
| #ifdef HAVE_STRING_H
| # if !defined STDC_HEADERS && defined HAVE_MEMORY_H
| #  include <memory.h>
| # endif
| # include <string.h>
| #endif
| #ifdef HAVE_STRINGS_H
| # include <strings.h>
| #endif
| #ifdef HAVE_INTTYPES_H
| # include <inttypes.h>
| #endif
| #ifdef HAVE_STDINT_H
| # include <stdint.h>
| #endif
| #ifdef HAVE_UNISTD_H
| # include <unistd.h>
| #endif
| int
| main ()
| {
| if (sizeof ((uintmax_t)))
| 	    return 0;
|   ;
|   return 0;
| }
configure:17116: result: yes
configure:17133: checking for ptrdiff_t
configure:17133: gcc -c -g -O2 -Wall -Wpointer-arith -Wno-psabi -fvisibility=hidden  conftest.c >&5
configure:17133: $? = 0
configure:17133: gcc -c -g -O2 -Wall -Wpointer-arith -Wno-psabi -fvisibility=hidden  conftest.c >&5
conftest.c: In function 'main':
conftest.c:110:24: error: expected expression before ')' token
 if (sizeof ((ptrdiff_t)))
                        ^
configure:17133: $? = 1
configure: failed program was:
| /* confdefs.h */
| #define PACKAGE_NAME "libgpg-error"
| #define PACKAGE_TARNAME "libgpg-error"
| #define PACKAGE_VERSION "1.33"
| #define PACKAGE_STRING "libgpg-error 1.33"
| #define PACKAGE_BUGREPORT "https://bugs.gnupg.org"
| #define PACKAGE_URL ""
| #define PACKAGE "libgpg-error"
| #define VERSION "1.33"
| #define STDC_HEADERS 1
| #define HAVE_SYS_TYPES_H 1
| #define HAVE_SYS_STAT_H 1
| #define HAVE_STDLIB_H 1
| #define HAVE_STRING_H 1
| #define HAVE_MEMORY_H 1
| #define HAVE_STRINGS_H 1
| #define HAVE_INTTYPES_H 1
| #define HAVE_STDINT_H 1
| #define HAVE_UNISTD_H 1
| #define __EXTENSIONS__ 1
| #define _ALL_SOURCE 1
| #define _GNU_SOURCE 1
| #define _POSIX_PTHREAD_SEMANTICS 1
| #define _TANDEM_SOURCE 1
| #define HAVE_DLFCN_H 1
| #define LT_OBJDIR ".libs/"
| #define ENABLE_NLS 1
| #define HAVE_GETTEXT 1
| #define HAVE_DCGETTEXT 1
| #define STDC_HEADERS 1
| #define HAVE_STDLIB_H 1
| #define HAVE_LOCALE_H 1
| #define HAVE_STDINT_H 1
| #define HAVE_SYS_SELECT_H 1
| #define HAVE_SYS_TIME_H 1
| #define HAVE_SIGNAL_H 1
| #define HAVE_DECL_STRERROR_R 1
| #define HAVE_STRERROR_R 1
| #define STRERROR_R_CHAR_P 1
| #define HAVE_FORK 1
| #define HAVE_VFORK 1
| #define HAVE_WORKING_VFORK 1
| #define HAVE_WORKING_FORK 1
| #define HAVE_FLOCKFILE 1
| #define HAVE_VASPRINTF 1
| #define HAVE_MMAP 1
| #define HAVE_RAND 1
| #define HAVE_STPCPY 1
| #define HAVE_SETENV 1
| #define HAVE_STAT 1
| #define HAVE_GETRLIMIT 1
| #define SIZEOF_INT 4
| #define SIZEOF_LONG 8
| #define SIZEOF_LONG_LONG 8
| #define TIME_WITH_SYS_TIME 1
| #define SIZEOF_TIME_T 8
| #define HAVE_SYS_STAT_H 1
| #define HAVE_UNISTD_H 1
| #define REPLACEMENT_FOR_OFF_T "long"
| #define HAVE_GCC_ATTRIBUTE_ALIGNED 1
| #define GPGRT_USE_VISIBILITY 1
| #define USE_POSIX_THREADS 1
| #define USE_POSIX_THREADS_WEAK 1
| #define HAVE_PTHREAD_RWLOCK 1
| #define HAVE_PTHREAD_MUTEX_RECURSIVE 1
| #define SIZEOF_PTHREAD_MUTEX_T 40
| #define HAVE_UNSIGNED_LONG_LONG_INT 1
| #define HAVE_STDINT_H 1
| #define HAVE_LONG_LONG_INT 1
| #define HAVE_LONG_DOUBLE 1
| #define HAVE_INTMAX_T 1
| #define HAVE_UINTMAX_T 1
| /* end confdefs.h.  */
| #include <stdio.h>
| #ifdef HAVE_SYS_TYPES_H
| # include <sys/types.h>
| #endif
| #ifdef HAVE_SYS_STAT_H
| # include <sys/stat.h>
| #endif
| #ifdef STDC_HEADERS
| # include <stdlib.h>
| # include <stddef.h>
| #else
| # ifdef HAVE_STDLIB_H
| #  include <stdlib.h>
| # endif
| #endif
| #ifdef HAVE_STRING_H
| # if !defined STDC_HEADERS && defined HAVE_MEMORY_H
| #  include <memory.h>
| # endif
| # include <string.h>
| #endif
| #ifdef HAVE_STRINGS_H
| # include <strings.h>
| #endif
| #ifdef HAVE_INTTYPES_H
| # include <inttypes.h>
| #endif
| #ifdef HAVE_STDINT_H
| # include <stdint.h>
| #endif
| #ifdef HAVE_UNISTD_H
| # include <unistd.h>
| #endif
| int
| main ()
| {
| if (sizeof ((ptrdiff_t)))
| 	    return 0;
|   ;
|   return 0;
| }
configure:17133: result: yes
configure:17147: checking size of unsigned long
configure:17152: gcc -o conftest -g -O2 -Wall -Wpointer-arith -Wno-psabi -fvisibility=hidden   conftest.c  >&5
configure:17152: $? = 0
configure:17152: ./conftest
configure:17152: $? = 0
configure:17166: result: 8
configure:17180: checking size of void *
configure:17185: gcc -o conftest -g -O2 -Wall -Wpointer-arith -Wno-psabi -fvisibility=hidden   conftest.c  >&5
configure:17185: $? = 0
configure:17185: ./conftest
configure:17185: $? = 0
configure:17199: result: 8
configure:17209: checking for nl_langinfo and THOUSANDS_SEP
configure:17225: gcc -o conftest -g -O2 -Wall -Wpointer-arith -Wno-psabi -fvisibility=hidden   conftest.c  >&5
configure:17225: $? = 0
configure:17234: result: yes
configure:17244: checking system features for estream
configure:17248: checking for memrchr
configure:17248: gcc -o conftest -g -O2 -Wall -Wpointer-arith -Wno-psabi -fvisibility=hidden   conftest.c  >&5
configure:17248: $? = 0
configure:17248: result: yes
configure:17400: checking whether to enable log_clock
configure:17409: result: no
configure:17663: checking that generated files are newer than configure
configure:17669: result: done
configure:17736: creating ./config.status

## ---------------------- ##
## Running config.status. ##
## ---------------------- ##

This file was extended by libgpg-error config.status 1.33, which was
generated by GNU Autoconf 2.69.  Invocation command line was

  CONFIG_FILES    = 
  CONFIG_HEADERS  = 
  CONFIG_LINKS    = 
  CONFIG_COMMANDS = 
  $ ./config.status 

on leemoon-W65KJ1-KK1

config.status:1268: creating Makefile
config.status:1268: creating doc/Makefile
config.status:1268: creating po/Makefile.in
config.status:1268: creating m4/Makefile
config.status:1268: creating src/Makefile
config.status:1268: creating tests/Makefile
config.status:1268: creating lang/Makefile
config.status:1268: creating lang/cl/Makefile
config.status:1268: creating lang/cl/gpg-error.asd
config.status:1268: creating src/versioninfo.rc
config.status:1268: creating src/gpg-error.w32-manifest
config.status:1268: creating src/gpg-error.pc
config.status:1268: creating src/gpg-error-config-old
config.status:1268: creating config.h
config.status:1449: config.h is unchanged
config.status:1497: executing depfiles commands
config.status:1497: executing libtool commands
config.status:1497: executing po-directories commands

## ---------------- ##
## Cache variables. ##
## ---------------- ##

ac_cv_build=x86_64-pc-linux-gnu
ac_cv_c_compiler_gnu=yes
ac_cv_c_const=yes
ac_cv_env_CC_set=
ac_cv_env_CC_value=
ac_cv_env_CFLAGS_set=
ac_cv_env_CFLAGS_value=
ac_cv_env_CPPFLAGS_set=
ac_cv_env_CPPFLAGS_value=
ac_cv_env_CPP_set=
ac_cv_env_CPP_value=
ac_cv_env_LDFLAGS_set=
ac_cv_env_LDFLAGS_value=
ac_cv_env_LIBS_set=
ac_cv_env_LIBS_value=
ac_cv_env_build_alias_set=
ac_cv_env_build_alias_value=
ac_cv_env_host_alias_set=
ac_cv_env_host_alias_value=
ac_cv_env_target_alias_set=
ac_cv_env_target_alias_value=
ac_cv_func_flockfile=yes
ac_cv_func_fork=yes
ac_cv_func_fork_works=yes
ac_cv_func_getrlimit=yes
ac_cv_func_memrchr=yes
ac_cv_func_mmap=yes
ac_cv_func_rand=yes
ac_cv_func_setenv=yes
ac_cv_func_stat=yes
ac_cv_func_stpcpy=yes
ac_cv_func_strerror_r=yes
ac_cv_func_strerror_r_char_p=yes
ac_cv_func_strlwr=no
ac_cv_func_vasprintf=yes
ac_cv_func_vfork=yes
ac_cv_func_vfork_works=yes
ac_cv_have_decl_strerror_r=yes
ac_cv_header_direct_h=no
ac_cv_header_dlfcn_h=yes
ac_cv_header_inttypes_h=yes
ac_cv_header_locale_h=yes
ac_cv_header_memory_h=yes
ac_cv_header_minix_config_h=no
ac_cv_header_pthread_h=yes
ac_cv_header_signal_h=yes
ac_cv_header_stdc=yes
ac_cv_header_stdint_h=yes
ac_cv_header_stdlib_h=yes
ac_cv_header_string_h=yes
ac_cv_header_strings_h=yes
ac_cv_header_sys_select_h=yes
ac_cv_header_sys_stat_h=yes
ac_cv_header_sys_time_h=yes
ac_cv_header_sys_types_h=yes
ac_cv_header_time=yes
ac_cv_header_unistd_h=yes
ac_cv_header_vfork_h=no
ac_cv_host=x86_64-pc-linux-gnu
ac_cv_lib_pthread_pthread_kill=yes
ac_cv_objext=o
ac_cv_path_EGREP='/bin/grep -E'
ac_cv_path_FGREP='/bin/grep -F'
ac_cv_path_GMSGFMT=/usr/bin/msgfmt
ac_cv_path_GREP=/bin/grep
ac_cv_path_MSGFMT=/usr/bin/msgfmt
ac_cv_path_MSGMERGE=/usr/bin/msgmerge
ac_cv_path_SED=/bin/sed
ac_cv_path_XGETTEXT=/usr/bin/xgettext
ac_cv_path_install='/usr/bin/install -c'
ac_cv_path_mkdir=/bin/mkdir
ac_cv_prog_AWK=mawk
ac_cv_prog_CPP='gcc -E'
ac_cv_prog_ac_ct_AR=ar
ac_cv_prog_ac_ct_CC=gcc
ac_cv_prog_ac_ct_MANIFEST_TOOL=mt
ac_cv_prog_ac_ct_OBJDUMP=objdump
ac_cv_prog_ac_ct_RANLIB=ranlib
ac_cv_prog_ac_ct_STRIP=strip
ac_cv_prog_cc_c89=
ac_cv_prog_cc_g=yes
ac_cv_prog_make_make_set=yes
ac_cv_safe_to_define___extensions__=yes
ac_cv_search_inet_addr='none required'
ac_cv_search_sched_yield='none required'
ac_cv_search_socket='none required'
ac_cv_sizeof_int=4
ac_cv_sizeof_long=8
ac_cv_sizeof_long_long=8
ac_cv_sizeof_pthread_mutex_t=40
ac_cv_sizeof_time_t=8
ac_cv_sizeof_unsigned_long=8
ac_cv_sizeof_void_p=8
ac_cv_sys_file_offset_bits=no
ac_cv_sys_largefile_CC=no
ac_cv_type_intmax_t=yes
ac_cv_type_long_double=yes
ac_cv_type_long_long_int=yes
ac_cv_type_pid_t=yes
ac_cv_type_pthread_rwlock_t=yes
ac_cv_type_ptrdiff_t=yes
ac_cv_type_uintmax_t=yes
ac_cv_type_unsigned_long_long_int=yes
acl_cv_hardcode_direct=no
acl_cv_hardcode_libdir_flag_spec='${wl}-rpath ${wl}$libdir'
acl_cv_hardcode_libdir_separator=
acl_cv_hardcode_minus_L=no
acl_cv_libext=a
acl_cv_libname_spec='lib$name'
acl_cv_library_names_spec='$libname$shrext'
acl_cv_path_LD='/usr/bin/ld -m elf_x86_64'
acl_cv_prog_gnu_ld=yes
acl_cv_rpath=done
acl_cv_shlibext=so
acl_cv_wl=-Wl,
am_cv_CC_dependencies_compiler_type=gcc3
am_cv_make_support_nested_variables=yes
am_cv_prog_cc_c_o=yes
estream_cv_langinfo_thousands_sep=yes
gcry_cv_broken_alias_attribute=no
gcry_cv_broken_visibility_attribute=no
gcry_cv_gcc_attribute_aligned=yes
gcry_cv_gcc_has_f_visibility=yes
gcry_cv_visibility_attribute=yes
gl_cv_have_weak=yes
gnupg_cv_have_readline=no
gnupg_cv_mkdir_takes_one_arg=no
gt_cv_func_CFLocaleCopyCurrent=no
gt_cv_func_CFPreferencesCopyAppValue=no
gt_cv_func_gnugettext1_libc=yes
lt_cv_ar_at_file=@
lt_cv_archive_cmds_need_lc=no
lt_cv_deplibs_check_method=pass_all
lt_cv_file_magic_cmd='$MAGIC_CMD'
lt_cv_file_magic_test_file=
lt_cv_ld_reload_flag=-r
lt_cv_nm_interface='BSD nm'
lt_cv_objdir=.libs
lt_cv_path_LD=/usr/bin/ld
lt_cv_path_NM='/usr/bin/nm -B'
lt_cv_path_mainfest_tool=no
lt_cv_prog_compiler_c_o=yes
lt_cv_prog_compiler_c_o_RC=yes
lt_cv_prog_compiler_pic='-fPIC -DPIC'
lt_cv_prog_compiler_pic_works=yes
lt_cv_prog_compiler_rtti_exceptions=no
lt_cv_prog_compiler_static_works=yes
lt_cv_prog_gnu_ld=yes
lt_cv_sharedlib_from_linklib_cmd='printf %s\n'
lt_cv_shlibpath_overrides_runpath=yes
lt_cv_sys_global_symbol_pipe='sed -n -e '\''s/^.*[	 ]\([ABCDGIRSTW][ABCDGIRSTW]*\)[	 ][	 ]*\([_A-Za-z][_A-Za-z0-9]*\)$/\1 \2 \2/p'\'' | sed '\''/ __gnu_lto/d'\'''
lt_cv_sys_global_symbol_to_c_name_address='sed -n -e '\''s/^: \([^ ]*\)[ ]*$/  {\"\1\", (void *) 0},/p'\'' -e '\''s/^[ABCDGIRSTW]* \([^ ]*\) \([^ ]*\)$/  {"\2", (void *) \&\2},/p'\'''
lt_cv_sys_global_symbol_to_c_name_address_lib_prefix='sed -n -e '\''s/^: \([^ ]*\)[ ]*$/  {\"\1\", (void *) 0},/p'\'' -e '\''s/^[ABCDGIRSTW]* \([^ ]*\) \(lib[^ ]*\)$/  {"\2", (void *) \&\2},/p'\'' -e '\''s/^[ABCDGIRSTW]* \([^ ]*\) \([^ ]*\)$/  {"lib\2", (void *) \&\2},/p'\'''
lt_cv_sys_global_symbol_to_cdecl='sed -n -e '\''s/^T .* \(.*\)$/extern int \1();/p'\'' -e '\''s/^[ABCDGIRSTW]* .* \(.*\)$/extern char \1;/p'\'''
lt_cv_sys_max_cmd_len=1572864
lt_cv_to_host_file_cmd=func_convert_file_noop
lt_cv_to_tool_file_cmd=func_convert_file_noop

## ----------------- ##
## Output variables. ##
## ----------------- ##

ACLOCAL='${SHELL} /home/leemoon/Desktop/vsCode/Final/libgcrypt-1.8.4/libgpg-error-1.33/build-aux/missing aclocal-1.15'
AMDEPBACKSLASH='\'
AMDEP_FALSE='#'
AMDEP_TRUE=''
AMTAR='$${TAR-tar}'
AM_BACKSLASH='\'
AM_DEFAULT_V='$(AM_DEFAULT_VERBOSITY)'
AM_DEFAULT_VERBOSITY='1'
AM_V='$(V)'
AR='ar'
AS='as'
AUTOCONF='${SHELL} /home/leemoon/Desktop/vsCode/Final/libgcrypt-1.8.4/libgpg-error-1.33/build-aux/missing autoconf'
AUTOHEADER='${SHELL} /home/leemoon/Desktop/vsCode/Final/libgcrypt-1.8.4/libgpg-error-1.33/build-aux/missing autoheader'
AUTOMAKE='${SHELL} /home/leemoon/Desktop/vsCode/Final/libgcrypt-1.8.4/libgpg-error-1.33/build-aux/missing automake-1.15'
AWK='mawk'
BUILD_DOC_FALSE='#'
BUILD_DOC_TRUE=''
BUILD_FILEVERSION='1,33,0,5961'
BUILD_GPGSCM_FALSE=''
BUILD_GPGSCM_TRUE='#'
BUILD_REVISION='174985d'
BUILD_TESTS_FALSE='#'
BUILD_TESTS_TRUE=''
BUILD_TIMESTAMP='<none>'
BUILD_VERSION='1.33.0.5961'
CC='gcc'
CCDEPMODE='depmode=gcc3'
CC_FOR_BUILD='$(CC)'
CFLAGS='-g -O2 -Wall -Wpointer-arith -Wno-psabi -fvisibility=hidden'
CPP='gcc -E'
CPPFLAGS=''
CROSS_COMPILING_FALSE=''
CROSS_COMPILING_TRUE='#'
CYGPATH_W='echo'
DEFS='-DHAVE_CONFIG_H'
DEPDIR='.deps'
DLLTOOL='false'
DSYMUTIL=''
DUMPBIN=''
ECHO_C=''
ECHO_N='-n'
ECHO_T=''
EGREP='/bin/grep -E'
EXEEXT=''
EXEEXT_FOR_BUILD='$(EXEEXT)'
FGREP='/bin/grep -F'
FORCE_USE_SYSCFG_FALSE=''
FORCE_USE_SYSCFG_TRUE='#'
GETTEXT_MACRO_VERSION='0.19'
GMSGFMT='/usr/bin/msgfmt'
GMSGFMT_015='/usr/bin/msgfmt'
GPG_ERROR_CONFIG_CFLAGS='-I${prefix}/include'
GPG_ERROR_CONFIG_HOST='x86_64-pc-linux-gnu'
GPG_ERROR_CONFIG_LIBS='-L${exec_prefix}/lib -lgpg-error'
GPG_ERROR_CONFIG_MT_CFLAGS=''
GPG_ERROR_CONFIG_MT_LIBS='-lpthread'
GREP='/bin/grep'
HAVE_LD_VERSION_SCRIPT_FALSE='#'
HAVE_LD_VERSION_SCRIPT_TRUE=''
HAVE_W32CE_SYSTEM_FALSE=''
HAVE_W32CE_SYSTEM_TRUE='#'
HAVE_W32_SYSTEM_FALSE=''
HAVE_W32_SYSTEM_TRUE='#'
HAVE_W64_SYSTEM_FALSE=''
HAVE_W64_SYSTEM_TRUE='#'
INSTALL_DATA='${INSTALL} -m 644'
INSTALL_PROGRAM='${INSTALL}'
INSTALL_SCRIPT='${INSTALL}'
INSTALL_STRIP_PROGRAM='$(install_sh) -c -s'
INTLLIBS=''
INTL_MACOSX_LIBS=''
LANGUAGES_SOME_FALSE='#'
LANGUAGES_SOME_TRUE=''
LD='/usr/bin/ld -m elf_x86_64'
LDFLAGS=''
LIBGPG_ERROR_LT_AGE='25'
LIBGPG_ERROR_LT_CURRENT='25'
LIBGPG_ERROR_LT_REVISION='0'
LIBICONV='-liconv'
LIBINTL=''
LIBMULTITHREAD='-lpthread'
LIBOBJS=''
LIBREADLINE=''
LIBS=''
LIBTHREAD=''
LIBTOOL='$(SHELL) $(top_builddir)/libtool'
LIB_NETWORK=''
LIB_SCHED_YIELD=''
LIPO=''
LN_S='ln -s'
LTLIBICONV='-liconv'
LTLIBINTL=''
LTLIBMULTITHREAD='-lpthread'
LTLIBOBJS=''
LTLIBTHREAD=''
MAINT='#'
MAINTAINER_MODE_FALSE=''
MAINTAINER_MODE_TRUE='#'
MAKEINFO='${SHELL} /home/leemoon/Desktop/vsCode/Final/libgcrypt-1.8.4/libgpg-error-1.33/build-aux/missing makeinfo'
MANIFEST_TOOL=':'
MKDIR_P='/bin/mkdir -p'
MSGFMT='/usr/bin/msgfmt'
MSGFMT_015='/usr/bin/msgfmt'
MSGMERGE='/usr/bin/msgmerge'
NM='/usr/bin/nm -B'
NMEDIT=''
OBJDUMP='objdump'
OBJEXT='o'
OTOOL64=''
OTOOL=''
PACKAGE='libgpg-error'
PACKAGE_BUGREPORT='https://bugs.gnupg.org'
PACKAGE_NAME='libgpg-error'
PACKAGE_STRING='libgpg-error 1.33'
PACKAGE_TARNAME='libgpg-error'
PACKAGE_URL=''
PACKAGE_VERSION='1.33'
PATH_SEPARATOR=':'
POSUB='po'
RANLIB='ranlib'
RC=''
SED='/bin/sed'
SET_MAKE=''
SHELL='/bin/bash'
STRIP='strip'
USE_NLS='yes'
VERSION='1.33'
VERSION_NUMBER='0x012100'
XGETTEXT='/usr/bin/xgettext'
XGETTEXT_015='/usr/bin/xgettext'
XGETTEXT_EXTRA_OPTIONS=''
ac_ct_AR='ar'
ac_ct_CC='gcc'
ac_ct_DUMPBIN=''
am__EXEEXT_FALSE=''
am__EXEEXT_TRUE='#'
am__fastdepCC_FALSE='#'
am__fastdepCC_TRUE=''
am__include='include'
am__isrc=''
am__leading_dot='.'
am__nodep='_no'
am__quote=''
am__tar='$${TAR-tar} chof - "$$tardir"'
am__untar='$${TAR-tar} xf -'
bindir='${exec_prefix}/bin'
build='x86_64-pc-linux-gnu'
build_alias=''
build_cpu='x86_64'
build_os='linux-gnu'
build_vendor='pc'
datadir='${datarootdir}'
datarootdir='${prefix}/share'
docdir='${datarootdir}/doc/${PACKAGE_TARNAME}'
dvidir='${docdir}'
exec_prefix='${prefix}'
host='x86_64-pc-linux-gnu'
host_alias=''
host_cpu='x86_64'
host_os='linux-gnu'
host_vendor='pc'
htmldir='${docdir}'
includedir='${prefix}/include'
infodir='${datarootdir}/info'
install_sh='${SHELL} /home/leemoon/Desktop/vsCode/Final/libgcrypt-1.8.4/libgpg-error-1.33/build-aux/install-sh'
libdir='${exec_prefix}/lib'
libexecdir='${exec_prefix}/libexec'
localedir='${datarootdir}/locale'
localstatedir='${prefix}/var'
mandir='${datarootdir}/man'
mkdir_p='$(MKDIR_P)'
oldincludedir='/usr/include'
pdfdir='${docdir}'
prefix='/usr/local'
program_transform_name='s,x,x,'
psdir='${docdir}'
sbindir='${exec_prefix}/sbin'
sharedstatedir='${prefix}/com'
sysconfdir='${prefix}/etc'
target_alias=''

## ----------- ##
## confdefs.h. ##
## ----------- ##

/* confdefs.h */
#define PACKAGE_NAME "libgpg-error"
#define PACKAGE_TARNAME "libgpg-error"
#define PACKAGE_VERSION "1.33"
#define PACKAGE_STRING "libgpg-error 1.33"
#define PACKAGE_BUGREPORT "https://bugs.gnupg.org"
#define PACKAGE_URL ""
#define PACKAGE "libgpg-error"
#define VERSION "1.33"
#define STDC_HEADERS 1
#define HAVE_SYS_TYPES_H 1
#define HAVE_SYS_STAT_H 1
#define HAVE_STDLIB_H 1
#define HAVE_STRING_H 1
#define HAVE_MEMORY_H 1
#define HAVE_STRINGS_H 1
#define HAVE_INTTYPES_H 1
#define HAVE_STDINT_H 1
#define HAVE_UNISTD_H 1
#define __EXTENSIONS__ 1
#define _ALL_SOURCE 1
#define _GNU_SOURCE 1
#define _POSIX_PTHREAD_SEMANTICS 1
#define _TANDEM_SOURCE 1
#define HAVE_DLFCN_H 1
#define LT_OBJDIR ".libs/"
#define ENABLE_NLS 1
#define HAVE_GETTEXT 1
#define HAVE_DCGETTEXT 1
#define STDC_HEADERS 1
#define HAVE_STDLIB_H 1
#define HAVE_LOCALE_H 1
#define HAVE_STDINT_H 1
#define HAVE_SYS_SELECT_H 1
#define HAVE_SYS_TIME_H 1
#define HAVE_SIGNAL_H 1
#define HAVE_DECL_STRERROR_R 1
#define HAVE_STRERROR_R 1
#define STRERROR_R_CHAR_P 1
#define HAVE_FORK 1
#define HAVE_VFORK 1
#define HAVE_WORKING_VFORK 1
#define HAVE_WORKING_FORK 1
#define HAVE_FLOCKFILE 1
#define HAVE_VASPRINTF 1
#define HAVE_MMAP 1
#define HAVE_RAND 1
#define HAVE_STPCPY 1
#define HAVE_SETENV 1
#define HAVE_STAT 1
#define HAVE_GETRLIMIT 1
#define SIZEOF_INT 4
#define SIZEOF_LONG 8
#define SIZEOF_LONG_LONG 8
#define TIME_WITH_SYS_TIME 1
#define SIZEOF_TIME_T 8
#define HAVE_SYS_STAT_H 1
#define HAVE_UNISTD_H 1
#define REPLACEMENT_FOR_OFF_T "long"
#define HAVE_GCC_ATTRIBUTE_ALIGNED 1
#define GPGRT_USE_VISIBILITY 1
#define USE_POSIX_THREADS 1
#define USE_POSIX_THREADS_WEAK 1
#define HAVE_PTHREAD_RWLOCK 1
#define HAVE_PTHREAD_MUTEX_RECURSIVE 1
#define SIZEOF_PTHREAD_MUTEX_T 40
#define HAVE_UNSIGNED_LONG_LONG_INT 1
#define HAVE_STDINT_H 1
#define HAVE_LONG_LONG_INT 1
#define HAVE_LONG_DOUBLE 1
#define HAVE_INTMAX_T 1
#define HAVE_UINTMAX_T 1
#define HAVE_PTRDIFF_T 1
#define SIZEOF_UNSIGNED_LONG 8
#define SIZEOF_VOID_P 8
#define HAVE_LANGINFO_THOUSANDS_SEP 1
#define HAVE_MEMRCHR 1
#define HOST_TRIPLET_STRING "x86_64-pc-linux-gnu"
#define BUILD_REVISION "174985d"
#define BUILD_TIMESTAMP "<none>"

configure: exit 0
